<?xml version="1.0" encoding="UTF-8"?>
<!-- Generated by org.testng.reporters.JUnitXMLReporter -->
<testsuite hostname="ULTP_434" name="Test" tests="47" failures="34" timestamp="4 Sep 2018 07:21:37 GMT" time="225.091" errors="0">
  <testcase name="@BeforeTest beforeTest" time="0.0" classname="com.automation.testcasedemo.LRS_WEB_8549">
    <failure type="java.lang.IllegalStateException" message="The driver executable does not exist: F:\Automation123\Rohit66\Drivers\windows\chromedriver.exe">
      <![CDATA[java.lang.IllegalStateException: The driver executable does not exist: F:\Automation123\Rohit66\Drivers\windows\chromedriver.exe
	at com.google.common.base.Preconditions.checkState(Preconditions.java:197)
	at org.openqa.selenium.remote.service.DriverService.checkExecutable(DriverService.java:121)
	at org.openqa.selenium.remote.service.DriverService.findExecutable(DriverService.java:116)
	at org.openqa.selenium.chrome.ChromeDriverService.access$000(ChromeDriverService.java:32)
	at org.openqa.selenium.chrome.ChromeDriverService$Builder.findDefaultExecutable(ChromeDriverService.java:137)
	at org.openqa.selenium.remote.service.DriverService$Builder.build(DriverService.java:296)
	at org.openqa.selenium.chrome.ChromeDriverService.createDefaultService(ChromeDriverService.java:88)
	at org.openqa.selenium.chrome.ChromeDriver.<init>(ChromeDriver.java:120)
	at com.automation.browser.Chrome.getBrowser(Chrome.java:17)
	at com.automation.browser.Browser.openBrowser(Browser.java:28)
	at com.automation.browser.Browser.setBrowser(Browser.java:143)
	at com.automation.browser.Browser.initializeBrowser(Browser.java:129)
	at com.automation.testcasedemo.Login.beforeTest(Login.java:21)
... Removed 22 stack frames]]>
    </failure>
  </testcase> <!-- @BeforeTest beforeTest -->
  <testcase name="login" time="0.007" classname="com.automation.testcasedemo.LRS_WEB_8549">
    <skipped/>
  </testcase> <!-- login -->
  <testcase name="verifyAccountMenuOption" time="10.044" classname="com.automation.testcasedemo.LRS_WEB_8552">
    <failure type="java.lang.NullPointerException">
      <![CDATA[java.lang.NullPointerException
	at com.google.common.base.Preconditions.checkNotNull(Preconditions.java:210)
	at org.openqa.selenium.support.ui.FluentWait.<init>(FluentWait.java:102)
	at org.openqa.selenium.support.ui.WebDriverWait.<init>(WebDriverWait.java:71)
	at org.openqa.selenium.support.ui.WebDriverWait.<init>(WebDriverWait.java:45)
	at com.selenium.common.SeleniumCommon.waitForElement(SeleniumCommon.java:43)
	at selenium.Element.getElement(Element.java:336)
	at selenium.Element.findElement(Element.java:276)
	at selenium.Element.loadElement(Element.java:61)
	at selenium.Element.isDisplayed(Element.java:98)
	at applicationActions.AccountActions.verifyAddAccountAndViewAccountsOptions(AccountActions.java:44)
	at com.automation.testcasedemo.LRS_WEB_8552.verifyAccountMenuOption(LRS_WEB_8552.java:31)
... Removed 24 stack frames]]>
    </failure>
  </testcase> <!-- verifyAccountMenuOption -->
  <testcase name="verifySupportUserOption" time="0.017" classname="com.automation.testcasedemo.LRS_WEB_8552">
    <failure type="java.lang.NullPointerException">
      <![CDATA[java.lang.NullPointerException
	at com.google.common.base.Preconditions.checkNotNull(Preconditions.java:210)
	at org.openqa.selenium.support.ui.FluentWait.<init>(FluentWait.java:102)
	at org.openqa.selenium.support.ui.WebDriverWait.<init>(WebDriverWait.java:71)
	at org.openqa.selenium.support.ui.WebDriverWait.<init>(WebDriverWait.java:45)
	at com.selenium.common.SeleniumCommon.waitForElement(SeleniumCommon.java:43)
	at selenium.Element.getElement(Element.java:336)
	at selenium.Element.findElement(Element.java:276)
	at selenium.Element.loadElement(Element.java:61)
	at selenium.Element.isDisplayed(Element.java:98)
	at applicationActions.SupportUsersActions.navigateToSupportUsersMenu(SupportUsersActions.java:16)
	at com.automation.testcasedemo.LRS_WEB_8552.verifySupportUserOption(LRS_WEB_8552.java:39)
... Removed 24 stack frames]]>
    </failure>
  </testcase> <!-- verifySupportUserOption -->
  <testcase name="verifyReportingOption" time="2.005" classname="com.automation.testcasedemo.LRS_WEB_8552">
    <failure type="java.lang.NullPointerException">
      <![CDATA[java.lang.NullPointerException
	at com.google.common.base.Preconditions.checkNotNull(Preconditions.java:210)
	at org.openqa.selenium.support.ui.FluentWait.<init>(FluentWait.java:102)
	at org.openqa.selenium.support.ui.WebDriverWait.<init>(WebDriverWait.java:71)
	at org.openqa.selenium.support.ui.WebDriverWait.<init>(WebDriverWait.java:45)
	at com.selenium.common.SeleniumCommon.waitForElement(SeleniumCommon.java:43)
	at selenium.Element.getElement(Element.java:336)
	at selenium.Element.findElement(Element.java:276)
	at selenium.Element.loadElement(Element.java:61)
	at selenium.Element.isDisplayed(Element.java:98)
	at applicationActions.ReportingActions.navigateToReportingUsersMenu(ReportingActions.java:12)
	at com.automation.testcasedemo.LRS_WEB_8552.verifyReportingOption(LRS_WEB_8552.java:48)
... Removed 24 stack frames]]>
    </failure>
  </testcase> <!-- verifyReportingOption -->
  <testcase name="verifyGroupsOption" time="0.013" classname="com.automation.testcasedemo.LRS_WEB_8552">
    <failure type="java.lang.NullPointerException">
      <![CDATA[java.lang.NullPointerException
	at com.google.common.base.Preconditions.checkNotNull(Preconditions.java:210)
	at org.openqa.selenium.support.ui.FluentWait.<init>(FluentWait.java:102)
	at org.openqa.selenium.support.ui.WebDriverWait.<init>(WebDriverWait.java:71)
	at org.openqa.selenium.support.ui.WebDriverWait.<init>(WebDriverWait.java:45)
	at com.selenium.common.SeleniumCommon.waitForElement(SeleniumCommon.java:43)
	at selenium.Element.getElement(Element.java:336)
	at selenium.Element.findElement(Element.java:276)
	at applicationActions.GroupActions.verifyGroupsOptions(GroupActions.java:30)
	at com.automation.testcasedemo.LRS_WEB_8552.verifyGroupsOption(LRS_WEB_8552.java:56)
... Removed 24 stack frames]]>
    </failure>
  </testcase> <!-- verifyGroupsOption -->
  <testcase name="verifySupportOption" time="0.004" classname="com.automation.testcasedemo.LRS_WEB_8552">
    <failure type="java.lang.NullPointerException">
      <![CDATA[java.lang.NullPointerException
	at com.google.common.base.Preconditions.checkNotNull(Preconditions.java:210)
	at org.openqa.selenium.support.ui.FluentWait.<init>(FluentWait.java:102)
	at org.openqa.selenium.support.ui.WebDriverWait.<init>(WebDriverWait.java:71)
	at org.openqa.selenium.support.ui.WebDriverWait.<init>(WebDriverWait.java:45)
	at com.selenium.common.SeleniumCommon.waitForElement(SeleniumCommon.java:43)
	at selenium.Element.getElement(Element.java:336)
	at selenium.Element.findElement(Element.java:276)
	at selenium.Element.loadElement(Element.java:61)
	at selenium.Element.isDisplayed(Element.java:98)
	at applicationActions.SupportActions.verifySupport(SupportActions.java:9)
	at com.automation.testcasedemo.LRS_WEB_8552.verifySupportOption(LRS_WEB_8552.java:64)
... Removed 24 stack frames]]>
    </failure>
  </testcase> <!-- verifySupportOption -->
  <testcase name="verifySupportPageThroughSuperAdmin" time="0.002" classname="com.automation.testcasedemo.LRS_WEB_9192_SupportPage">
    <failure type="java.lang.NullPointerException">
      <![CDATA[java.lang.NullPointerException
	at com.google.common.base.Preconditions.checkNotNull(Preconditions.java:210)
	at org.openqa.selenium.support.ui.FluentWait.<init>(FluentWait.java:102)
	at org.openqa.selenium.support.ui.WebDriverWait.<init>(WebDriverWait.java:71)
	at org.openqa.selenium.support.ui.WebDriverWait.<init>(WebDriverWait.java:45)
	at com.selenium.common.SeleniumCommon.waitForElement(SeleniumCommon.java:43)
	at selenium.Element.getElement(Element.java:336)
	at selenium.Element.findElement(Element.java:276)
	at selenium.Element.loadElement(Element.java:61)
	at selenium.Element.click(Element.java:128)
	at com.automation.testcasedemo.LRS_WEB_9192_SupportPage.verifySupportPageThroughSuperAdmin(LRS_WEB_9192_SupportPage.java:23)
... Removed 24 stack frames]]>
    </failure>
  </testcase> <!-- verifySupportPageThroughSuperAdmin -->
  <testcase name="testGroupMenuOptions" time="2.003" classname="com.automation.testcasedemo.LRS_WEB_8556_WEB_6031">
    <failure type="java.lang.NullPointerException">
      <![CDATA[java.lang.NullPointerException
	at com.google.common.base.Preconditions.checkNotNull(Preconditions.java:210)
	at org.openqa.selenium.support.ui.FluentWait.<init>(FluentWait.java:102)
	at org.openqa.selenium.support.ui.WebDriverWait.<init>(WebDriverWait.java:71)
	at org.openqa.selenium.support.ui.WebDriverWait.<init>(WebDriverWait.java:45)
	at com.selenium.common.SeleniumCommon.waitForElement(SeleniumCommon.java:43)
	at selenium.Element.getElement(Element.java:336)
	at selenium.Element.findElement(Element.java:276)
	at applicationActions.GroupActions.verifyGroupsOptions(GroupActions.java:30)
	at com.automation.testcasedemo.LRS_WEB_8556_WEB_6031.testGroupMenuOptions(LRS_WEB_8556_WEB_6031.java:32)
... Removed 24 stack frames]]>
    </failure>
  </testcase> <!-- testGroupMenuOptions -->
  <testcase name="testAddGroupOptions" time="5.009" classname="com.automation.testcasedemo.LRS_WEB_8556_WEB_6031">
    <failure type="java.lang.NullPointerException">
      <![CDATA[java.lang.NullPointerException
	at com.google.common.base.Preconditions.checkNotNull(Preconditions.java:210)
	at org.openqa.selenium.support.ui.FluentWait.<init>(FluentWait.java:102)
	at org.openqa.selenium.support.ui.WebDriverWait.<init>(WebDriverWait.java:71)
	at org.openqa.selenium.support.ui.WebDriverWait.<init>(WebDriverWait.java:45)
	at com.selenium.common.SeleniumCommon.waitForElement(SeleniumCommon.java:43)
	at selenium.Element.getElement(Element.java:336)
	at selenium.Element.findElement(Element.java:276)
	at selenium.Element.loadElement(Element.java:61)
	at selenium.Element.click(Element.java:128)
	at applicationActions.GroupActions.addNewGroup(GroupActions.java:68)
	at com.automation.testcasedemo.LRS_WEB_8556_WEB_6031.testAddGroupOptions(LRS_WEB_8556_WEB_6031.java:42)
... Removed 24 stack frames]]>
    </failure>
  </testcase> <!-- testAddGroupOptions -->
  <testcase name="testViewAllGroupOptions" time="2.004" classname="com.automation.testcasedemo.LRS_WEB_8556_WEB_6031">
    <failure type="java.lang.NullPointerException">
      <![CDATA[java.lang.NullPointerException
	at com.google.common.base.Preconditions.checkNotNull(Preconditions.java:210)
	at org.openqa.selenium.support.ui.FluentWait.<init>(FluentWait.java:102)
	at org.openqa.selenium.support.ui.WebDriverWait.<init>(WebDriverWait.java:71)
	at org.openqa.selenium.support.ui.WebDriverWait.<init>(WebDriverWait.java:45)
	at com.selenium.common.SeleniumCommon.waitForElement(SeleniumCommon.java:43)
	at selenium.Element.getElement(Element.java:336)
	at selenium.Element.findElement(Element.java:276)
	at applicationActions.GroupActions.navigateToViewAllGroupsPage(GroupActions.java:57)
	at com.automation.testcasedemo.LRS_WEB_8556_WEB_6031.testViewAllGroupOptions(LRS_WEB_8556_WEB_6031.java:53)
... Removed 24 stack frames]]>
    </failure>
  </testcase> <!-- testViewAllGroupOptions -->
  <testcase name="testVerifyGroupIsCreated" time="0.007" classname="com.automation.testcasedemo.LRS_WEB_8556_WEB_6031">
    <failure type="java.lang.NullPointerException">
      <![CDATA[java.lang.NullPointerException
	at com.google.common.base.Preconditions.checkNotNull(Preconditions.java:210)
	at org.openqa.selenium.support.ui.FluentWait.<init>(FluentWait.java:102)
	at org.openqa.selenium.support.ui.WebDriverWait.<init>(WebDriverWait.java:71)
	at org.openqa.selenium.support.ui.WebDriverWait.<init>(WebDriverWait.java:45)
	at com.selenium.common.SeleniumCommon.waitForElement(SeleniumCommon.java:43)
	at selenium.Element.getElement(Element.java:336)
	at selenium.Element.findElement(Element.java:276)
	at selenium.Element.getDynamicXPath(Element.java:53)
	at applicationActions.GroupActions.verifyGroupisCreated(GroupActions.java:85)
	at com.automation.testcasedemo.LRS_WEB_8556_WEB_6031.testVerifyGroupIsCreated(LRS_WEB_8556_WEB_6031.java:65)
... Removed 24 stack frames]]>
    </failure>
  </testcase> <!-- testVerifyGroupIsCreated -->
  <testcase name="verifyCancelCreateAccountOption" time="10.013" classname="com.automation.testcasedemo.LRS_WEB_8563_WEB_9057">
    <failure type="java.lang.NullPointerException">
      <![CDATA[java.lang.NullPointerException
	at com.google.common.base.Preconditions.checkNotNull(Preconditions.java:210)
	at org.openqa.selenium.support.ui.FluentWait.<init>(FluentWait.java:102)
	at org.openqa.selenium.support.ui.WebDriverWait.<init>(WebDriverWait.java:71)
	at org.openqa.selenium.support.ui.WebDriverWait.<init>(WebDriverWait.java:45)
	at com.selenium.common.SeleniumCommon.waitForElement(SeleniumCommon.java:43)
	at selenium.Element.getElement(Element.java:336)
	at selenium.Element.findElement(Element.java:276)
	at selenium.Element.loadElement(Element.java:61)
	at selenium.Element.click(Element.java:128)
	at applicationActions.AccountActions.verifyAccountPageOptions(AccountActions.java:239)
	at com.automation.testcasedemo.LRS_WEB_8563_WEB_9057.verifyCancelCreateAccountOption(LRS_WEB_8563_WEB_9057.java:41)
... Removed 24 stack frames]]>
    </failure>
  </testcase> <!-- verifyCancelCreateAccountOption -->
  <testcase name="verifySaveCreateAccountOption" time="0.0" classname="com.automation.testcasedemo.LRS_WEB_8563_WEB_9057">
    <skipped/>
  </testcase> <!-- verifySaveCreateAccountOption -->
  <testcase name="addGroupInAccount" time="0.0" classname="com.automation.testcasedemo.LRS_WEB_8563_WEB_9057">
    <skipped/>
  </testcase> <!-- addGroupInAccount -->
  <testcase name="LogoutFromSuperAdmin" time="5.008" classname="com.automation.testcasedemo.AccountActivationAndVerification">
    <failure type="java.lang.NullPointerException">
      <![CDATA[java.lang.NullPointerException
	at com.google.common.base.Preconditions.checkNotNull(Preconditions.java:210)
	at org.openqa.selenium.support.ui.FluentWait.<init>(FluentWait.java:102)
	at org.openqa.selenium.support.ui.WebDriverWait.<init>(WebDriverWait.java:71)
	at org.openqa.selenium.support.ui.WebDriverWait.<init>(WebDriverWait.java:45)
	at com.selenium.common.SeleniumCommon.waitForElement(SeleniumCommon.java:43)
	at selenium.Element.getElement(Element.java:336)
	at selenium.Element.findElement(Element.java:276)
	at selenium.Element.loadElement(Element.java:61)
	at selenium.Element.click(Element.java:128)
	at applicationActions.LogoutActions.logoutFromLRSApplication(LogoutActions.java:26)
	at com.automation.testcasedemo.AccountActivationAndVerification.LogoutFromSuperAdmin(AccountActivationAndVerification.java:27)
... Removed 24 stack frames]]>
    </failure>
  </testcase> <!-- LogoutFromSuperAdmin -->
  <testcase name="ActivateAccount" time="13.341" classname="com.automation.testcasedemo.AccountActivationAndVerification">
    <failure type="java.lang.Exception" message="Could not found Email, It is now present.">
      <![CDATA[java.lang.Exception: Could not found Email, It is now present.
	at com.selenium.common.MailingUtilities.getEmail(MailingUtilities.java:53)
	at com.automation.testcasedemo.AccountActivationAndVerification.ActivateAccount(AccountActivationAndVerification.java:40)
... Removed 24 stack frames]]>
    </failure>
  </testcase> <!-- ActivateAccount -->
  <testcase name="verifyAccountByLoginIntoIt" time="0.006" classname="com.automation.testcasedemo.AccountActivationAndVerification">
    <failure type="java.lang.NullPointerException">
      <![CDATA[java.lang.NullPointerException
	at com.google.common.base.Preconditions.checkNotNull(Preconditions.java:210)
	at org.openqa.selenium.support.ui.FluentWait.<init>(FluentWait.java:102)
	at org.openqa.selenium.support.ui.WebDriverWait.<init>(WebDriverWait.java:71)
	at org.openqa.selenium.support.ui.WebDriverWait.<init>(WebDriverWait.java:45)
	at com.selenium.common.SeleniumCommon.waitForElement(SeleniumCommon.java:43)
	at selenium.Element.getElement(Element.java:336)
	at selenium.Element.findElement(Element.java:276)
	at selenium.Element.loadElement(Element.java:61)
	at selenium.Element.setText(Element.java:142)
	at applicationActions.LoginActions.loginLRSApp(LoginActions.java:84)
	at com.automation.testcasedemo.AccountActivationAndVerification.verifyAccountByLoginIntoIt(AccountActivationAndVerification.java:67)
... Removed 24 stack frames]]>
    </failure>
  </testcase> <!-- verifyAccountByLoginIntoIt -->
  <testcase name="logoutAsuser" time="5.024" classname="com.automation.testcasedemo.AccountActivationAndVerification">
    <failure type="java.lang.NullPointerException">
      <![CDATA[java.lang.NullPointerException
	at com.google.common.base.Preconditions.checkNotNull(Preconditions.java:210)
	at org.openqa.selenium.support.ui.FluentWait.<init>(FluentWait.java:102)
	at org.openqa.selenium.support.ui.WebDriverWait.<init>(WebDriverWait.java:71)
	at org.openqa.selenium.support.ui.WebDriverWait.<init>(WebDriverWait.java:45)
	at com.selenium.common.SeleniumCommon.waitForElement(SeleniumCommon.java:43)
	at selenium.Element.getElement(Element.java:336)
	at selenium.Element.findElement(Element.java:276)
	at selenium.Element.loadElement(Element.java:61)
	at selenium.Element.click(Element.java:128)
	at applicationActions.LogoutActions.logoutFromLRSApplication(LogoutActions.java:26)
	at com.automation.testcasedemo.AccountActivationAndVerification.logoutAsuser(AccountActivationAndVerification.java:76)
... Removed 24 stack frames]]>
    </failure>
  </testcase> <!-- logoutAsuser -->
  <testcase name="forgetPassword" time="0.002" classname="com.automation.testcasedemo.ForgetPassword">
    <failure type="java.lang.NullPointerException">
      <![CDATA[java.lang.NullPointerException
	at com.google.common.base.Preconditions.checkNotNull(Preconditions.java:210)
	at org.openqa.selenium.support.ui.FluentWait.<init>(FluentWait.java:102)
	at org.openqa.selenium.support.ui.WebDriverWait.<init>(WebDriverWait.java:71)
	at org.openqa.selenium.support.ui.WebDriverWait.<init>(WebDriverWait.java:45)
	at com.selenium.common.SeleniumCommon.waitForElement(SeleniumCommon.java:43)
	at selenium.Element.getElement(Element.java:336)
	at selenium.Element.findElement(Element.java:276)
	at selenium.Element.loadElement(Element.java:61)
	at selenium.Element.click(Element.java:128)
	at applicationActions.LogoutActions.forgetPassword(LogoutActions.java:33)
	at com.automation.testcasedemo.ForgetPassword.forgetPassword(ForgetPassword.java:31)
... Removed 24 stack frames]]>
    </failure>
  </testcase> <!-- forgetPassword -->
  <testcase name="LoginAsSuperAdmin" time="0.0" classname="com.automation.testcasedemo.ForgetPassword">
    <skipped/>
  </testcase> <!-- LoginAsSuperAdmin -->
  <testcase name="verifyCreateUserAsCustomerSupportWithgroup" time="0.028" classname="com.automation.testcasedemo.LRS_WEB_8554">
    <failure type="java.lang.NullPointerException">
      <![CDATA[java.lang.NullPointerException
	at com.google.common.base.Preconditions.checkNotNull(Preconditions.java:210)
	at org.openqa.selenium.support.ui.FluentWait.<init>(FluentWait.java:102)
	at org.openqa.selenium.support.ui.WebDriverWait.<init>(WebDriverWait.java:71)
	at org.openqa.selenium.support.ui.WebDriverWait.<init>(WebDriverWait.java:45)
	at com.selenium.common.SeleniumCommon.waitForElement(SeleniumCommon.java:43)
	at selenium.Element.getElement(Element.java:336)
	at selenium.Element.findElement(Element.java:276)
	at selenium.Element.loadElement(Element.java:61)
	at selenium.Element.isDisplayed(Element.java:98)
	at applicationActions.SupportUsersActions.createUser(SupportUsersActions.java:26)
	at com.automation.testcasedemo.LRS_WEB_8554.verifyCreateUserAsCustomerSupportWithgroup(LRS_WEB_8554.java:57)
... Removed 24 stack frames]]>
    </failure>
  </testcase> <!-- verifyCreateUserAsCustomerSupportWithgroup -->
  <testcase name="verifyCreateUserAsCustomerSupportWithGlobal" time="0.0" classname="com.automation.testcasedemo.LRS_WEB_8554">
    <skipped/>
  </testcase> <!-- verifyCreateUserAsCustomerSupportWithGlobal -->
  <testcase name="verifyCreateUserAsSalesSupportWithGlobal" time="0.0" classname="com.automation.testcasedemo.LRS_WEB_8554">
    <skipped/>
  </testcase> <!-- verifyCreateUserAsSalesSupportWithGlobal -->
  <testcase name="verifyViewAllUser" time="0.001" classname="com.automation.testcasedemo.LRS_WEB_8554">
    <skipped/>
  </testcase> <!-- verifyViewAllUser -->
  <testcase name="verifySearchAndSelectAccount" time="20.005" classname="com.automation.testcasedemo.LRS_WEB_8557">
    <failure type="java.lang.NullPointerException">
      <![CDATA[java.lang.NullPointerException
	at com.google.common.base.Preconditions.checkNotNull(Preconditions.java:210)
	at org.openqa.selenium.support.ui.FluentWait.<init>(FluentWait.java:102)
	at org.openqa.selenium.support.ui.WebDriverWait.<init>(WebDriverWait.java:71)
	at org.openqa.selenium.support.ui.WebDriverWait.<init>(WebDriverWait.java:45)
	at com.selenium.common.SeleniumCommon.waitForElement(SeleniumCommon.java:43)
	at selenium.Element.getElement(Element.java:336)
	at selenium.Element.findElement(Element.java:276)
	at selenium.Element.loadElement(Element.java:61)
	at selenium.Element.click(Element.java:128)
	at applicationActions.AccountActions.verifyViewAccountMenuOptions(AccountActions.java:67)
	at com.automation.testcasedemo.LRS_WEB_8557.verifySearchAndSelectAccount(LRS_WEB_8557.java:27)
... Removed 24 stack frames]]>
    </failure>
  </testcase> <!-- verifySearchAndSelectAccount -->
  <testcase name="accountOwnerSummaryReportVerification" time="10.002" classname="com.automation.testcasedemo.LRS_WEB_8555">
    <failure type="java.lang.NullPointerException">
      <![CDATA[java.lang.NullPointerException
	at com.google.common.base.Preconditions.checkNotNull(Preconditions.java:210)
	at org.openqa.selenium.support.ui.FluentWait.<init>(FluentWait.java:102)
	at org.openqa.selenium.support.ui.WebDriverWait.<init>(WebDriverWait.java:71)
	at org.openqa.selenium.support.ui.WebDriverWait.<init>(WebDriverWait.java:45)
	at com.selenium.common.SeleniumCommon.waitForElement(SeleniumCommon.java:43)
	at selenium.Element.getElement(Element.java:336)
	at selenium.Element.findElement(Element.java:276)
	at selenium.Element.loadElement(Element.java:61)
	at selenium.Element.isDisplayed(Element.java:98)
	at applicationActions.ReportingActions.navigateToReportingUsersMenu(ReportingActions.java:12)
	at com.automation.testcasedemo.LRS_WEB_8555.accountOwnerSummaryReportVerification(LRS_WEB_8555.java:28)
... Removed 24 stack frames]]>
    </failure>
  </testcase> <!-- accountOwnerSummaryReportVerification -->
  <testcase name="smsUsageReportVerification" time="10.003" classname="com.automation.testcasedemo.LRS_WEB_8555">
    <failure type="java.lang.NullPointerException">
      <![CDATA[java.lang.NullPointerException
	at com.google.common.base.Preconditions.checkNotNull(Preconditions.java:210)
	at org.openqa.selenium.support.ui.FluentWait.<init>(FluentWait.java:102)
	at org.openqa.selenium.support.ui.WebDriverWait.<init>(WebDriverWait.java:71)
	at org.openqa.selenium.support.ui.WebDriverWait.<init>(WebDriverWait.java:45)
	at com.selenium.common.SeleniumCommon.waitForElement(SeleniumCommon.java:43)
	at selenium.Element.getElement(Element.java:336)
	at selenium.Element.findElement(Element.java:276)
	at selenium.Element.loadElement(Element.java:61)
	at selenium.Element.isDisplayed(Element.java:98)
	at applicationActions.ReportingActions.navigateToReportingUsersMenu(ReportingActions.java:12)
	at com.automation.testcasedemo.LRS_WEB_8555.smsUsageReportVerification(LRS_WEB_8555.java:38)
... Removed 24 stack frames]]>
    </failure>
  </testcase> <!-- smsUsageReportVerification -->
  <testcase name="tableTrackerOrderSummaryVerification1" time="0.001" classname="com.automation.testcasedemo.LRS_WEB_8555">
    <failure type="java.lang.NullPointerException">
      <![CDATA[java.lang.NullPointerException
	at com.google.common.base.Preconditions.checkNotNull(Preconditions.java:210)
	at org.openqa.selenium.support.ui.FluentWait.<init>(FluentWait.java:102)
	at org.openqa.selenium.support.ui.WebDriverWait.<init>(WebDriverWait.java:71)
	at org.openqa.selenium.support.ui.WebDriverWait.<init>(WebDriverWait.java:45)
	at com.selenium.common.SeleniumCommon.waitForElement(SeleniumCommon.java:43)
	at selenium.Element.getElement(Element.java:336)
	at selenium.Element.findElement(Element.java:276)
	at selenium.Element.loadElement(Element.java:61)
	at selenium.Element.isDisplayed(Element.java:98)
	at applicationActions.ReportingActions.navigateToReportingUsersMenu(ReportingActions.java:12)
	at com.automation.testcasedemo.LRS_WEB_8555.tableTrackerOrderSummaryVerification1(LRS_WEB_8555.java:47)
... Removed 24 stack frames]]>
    </failure>
  </testcase> <!-- tableTrackerOrderSummaryVerification1 -->
  <testcase name="changeAccountOwner" time="10.002" classname="com.automation.testcasedemo.LRS_WEB_9227">
    <failure type="java.lang.NullPointerException">
      <![CDATA[java.lang.NullPointerException
	at com.google.common.base.Preconditions.checkNotNull(Preconditions.java:210)
	at org.openqa.selenium.support.ui.FluentWait.<init>(FluentWait.java:102)
	at org.openqa.selenium.support.ui.WebDriverWait.<init>(WebDriverWait.java:71)
	at org.openqa.selenium.support.ui.WebDriverWait.<init>(WebDriverWait.java:45)
	at com.selenium.common.SeleniumCommon.waitForElement(SeleniumCommon.java:43)
	at selenium.Element.getElement(Element.java:336)
	at selenium.Element.findElement(Element.java:276)
	at selenium.Element.loadElement(Element.java:61)
	at selenium.Element.click(Element.java:128)
	at applicationActions.AccountActions.verifyViewAccountMenuOptions(AccountActions.java:67)
	at com.automation.testcasedemo.LRS_WEB_9227.changeAccountOwner(LRS_WEB_9227.java:39)
... Removed 24 stack frames]]>
    </failure>
  </testcase> <!-- changeAccountOwner -->
  <testcase name="verifyLoginIntoTheAccountAsSuperAdmin" time="0.002" classname="com.automation.testcasedemo.LRS_WEB_8690">
    <failure type="java.lang.NullPointerException">
      <![CDATA[java.lang.NullPointerException
	at com.google.common.base.Preconditions.checkNotNull(Preconditions.java:210)
	at org.openqa.selenium.support.ui.FluentWait.<init>(FluentWait.java:102)
	at org.openqa.selenium.support.ui.WebDriverWait.<init>(WebDriverWait.java:71)
	at org.openqa.selenium.support.ui.WebDriverWait.<init>(WebDriverWait.java:45)
	at com.selenium.common.SeleniumCommon.waitForElement(SeleniumCommon.java:43)
	at selenium.Element.getElement(Element.java:336)
	at selenium.Element.findElement(Element.java:276)
	at selenium.Element.loadElement(Element.java:61)
	at selenium.Element.click(Element.java:128)
	at applicationActions.AccountActions.verifyViewAccountMenuOptions(AccountActions.java:67)
	at com.automation.testcasedemo.LRS_WEB_8690.verifyLoginIntoTheAccountAsSuperAdmin(LRS_WEB_8690.java:27)
... Removed 24 stack frames]]>
    </failure>
  </testcase> <!-- verifyLoginIntoTheAccountAsSuperAdmin -->
  <testcase name="verifyReportsSubMenu" time="15.009" classname="com.automation.testcasedemo.LRS_WEB_8690">
    <failure type="java.lang.NullPointerException">
      <![CDATA[java.lang.NullPointerException
	at com.google.common.base.Preconditions.checkNotNull(Preconditions.java:210)
	at org.openqa.selenium.support.ui.FluentWait.<init>(FluentWait.java:102)
	at org.openqa.selenium.support.ui.WebDriverWait.<init>(WebDriverWait.java:71)
	at org.openqa.selenium.support.ui.WebDriverWait.<init>(WebDriverWait.java:45)
	at com.selenium.common.SeleniumCommon.waitForElement(SeleniumCommon.java:43)
	at selenium.Element.getElement(Element.java:336)
	at selenium.Element.findElement(Element.java:276)
	at selenium.Element.loadElement(Element.java:61)
	at selenium.Element.isDisplayed(Element.java:98)
	at applicationActions.AccountUserActions.verifySubMenuReports(AccountUserActions.java:27)
	at com.automation.testcasedemo.LRS_WEB_8690.verifyReportsSubMenu(LRS_WEB_8690.java:41)
... Removed 24 stack frames]]>
    </failure>
  </testcase> <!-- verifyReportsSubMenu -->
  <testcase name="verifyLocationSubMenu" time="5.007" classname="com.automation.testcasedemo.LRS_WEB_8690">
    <failure type="java.lang.NullPointerException">
      <![CDATA[java.lang.NullPointerException
	at com.google.common.base.Preconditions.checkNotNull(Preconditions.java:210)
	at org.openqa.selenium.support.ui.FluentWait.<init>(FluentWait.java:102)
	at org.openqa.selenium.support.ui.WebDriverWait.<init>(WebDriverWait.java:71)
	at org.openqa.selenium.support.ui.WebDriverWait.<init>(WebDriverWait.java:45)
	at com.selenium.common.SeleniumCommon.waitForElement(SeleniumCommon.java:43)
	at selenium.Element.getElement(Element.java:336)
	at selenium.Element.findElement(Element.java:276)
	at selenium.Element.loadElement(Element.java:61)
	at selenium.Element.isDisplayed(Element.java:98)
	at applicationActions.AccountUserActions.verifySubMenuLocations(AccountUserActions.java:51)
	at com.automation.testcasedemo.LRS_WEB_8690.verifyLocationSubMenu(LRS_WEB_8690.java:49)
... Removed 24 stack frames]]>
    </failure>
  </testcase> <!-- verifyLocationSubMenu -->
  <testcase name="verifyUsersSubMenu" time="5.003" classname="com.automation.testcasedemo.LRS_WEB_8690">
    <failure type="java.lang.NullPointerException">
      <![CDATA[java.lang.NullPointerException
	at com.google.common.base.Preconditions.checkNotNull(Preconditions.java:210)
	at org.openqa.selenium.support.ui.FluentWait.<init>(FluentWait.java:102)
	at org.openqa.selenium.support.ui.WebDriverWait.<init>(WebDriverWait.java:71)
	at org.openqa.selenium.support.ui.WebDriverWait.<init>(WebDriverWait.java:45)
	at com.selenium.common.SeleniumCommon.waitForElement(SeleniumCommon.java:43)
	at selenium.Element.getElement(Element.java:336)
	at selenium.Element.findElement(Element.java:276)
	at selenium.Element.loadElement(Element.java:61)
	at selenium.Element.isDisplayed(Element.java:98)
	at applicationActions.AccountUserActions.verifySubMenuUsers(AccountUserActions.java:61)
	at com.automation.testcasedemo.LRS_WEB_8690.verifyUsersSubMenu(LRS_WEB_8690.java:57)
... Removed 24 stack frames]]>
    </failure>
  </testcase> <!-- verifyUsersSubMenu -->
  <testcase name="verifySettingsSubMenu" time="5.006" classname="com.automation.testcasedemo.LRS_WEB_8690">
    <failure type="java.lang.NullPointerException">
      <![CDATA[java.lang.NullPointerException
	at com.google.common.base.Preconditions.checkNotNull(Preconditions.java:210)
	at org.openqa.selenium.support.ui.FluentWait.<init>(FluentWait.java:102)
	at org.openqa.selenium.support.ui.WebDriverWait.<init>(WebDriverWait.java:71)
	at org.openqa.selenium.support.ui.WebDriverWait.<init>(WebDriverWait.java:45)
	at com.selenium.common.SeleniumCommon.waitForElement(SeleniumCommon.java:43)
	at selenium.Element.getElement(Element.java:336)
	at selenium.Element.findElement(Element.java:276)
	at selenium.Element.loadElement(Element.java:61)
	at selenium.Element.isDisplayed(Element.java:98)
	at applicationActions.AccountUserActions.verifySubMenuSettings(AccountUserActions.java:82)
	at com.automation.testcasedemo.LRS_WEB_8690.verifySettingsSubMenu(LRS_WEB_8690.java:66)
... Removed 24 stack frames]]>
    </failure>
  </testcase> <!-- verifySettingsSubMenu -->
  <testcase name="verifySupportSubMenu" time="5.001" classname="com.automation.testcasedemo.LRS_WEB_8690">
    <failure type="java.lang.NullPointerException">
      <![CDATA[java.lang.NullPointerException
	at com.google.common.base.Preconditions.checkNotNull(Preconditions.java:210)
	at org.openqa.selenium.support.ui.FluentWait.<init>(FluentWait.java:102)
	at org.openqa.selenium.support.ui.WebDriverWait.<init>(WebDriverWait.java:71)
	at org.openqa.selenium.support.ui.WebDriverWait.<init>(WebDriverWait.java:45)
	at com.selenium.common.SeleniumCommon.waitForElement(SeleniumCommon.java:43)
	at selenium.Element.getElement(Element.java:336)
	at selenium.Element.findElement(Element.java:276)
	at selenium.Element.loadElement(Element.java:61)
	at selenium.Element.isDisplayed(Element.java:98)
	at applicationActions.AccountUserActions.verifySubMenuSupport(AccountUserActions.java:72)
	at com.automation.testcasedemo.LRS_WEB_8690.verifySupportSubMenu(LRS_WEB_8690.java:75)
... Removed 24 stack frames]]>
    </failure>
  </testcase> <!-- verifySupportSubMenu -->
  <testcase name="switchBack" time="5.004" classname="com.automation.testcasedemo.LRS_WEB_8690"/>
  <testcase name="verifyLoginIntoTheAccountAsSuperAdmin" time="0.006" classname="com.automation.testcasedemo.LRS_WEB_1144_WEB_9058"/>
  <testcase name="verifyLocationIsAdded" time="5.034" classname="com.automation.testcasedemo.LRS_WEB_1144_WEB_9058">
    <failure type="java.lang.NullPointerException">
      <![CDATA[java.lang.NullPointerException
	at com.google.common.base.Preconditions.checkNotNull(Preconditions.java:210)
	at org.openqa.selenium.support.ui.FluentWait.<init>(FluentWait.java:102)
	at org.openqa.selenium.support.ui.WebDriverWait.<init>(WebDriverWait.java:71)
	at org.openqa.selenium.support.ui.WebDriverWait.<init>(WebDriverWait.java:45)
	at com.selenium.common.SeleniumCommon.waitForElement(SeleniumCommon.java:43)
	at selenium.Element.getElement(Element.java:336)
	at selenium.Element.findElement(Element.java:276)
	at selenium.Element.loadElement(Element.java:61)
	at selenium.Element.isDisplayed(Element.java:98)
	at applicationActions.AccountUserActions.verifySubMenuLocations(AccountUserActions.java:51)
	at com.automation.testcasedemo.LRS_WEB_1144_WEB_9058.verifyLocationIsAdded(LRS_WEB_1144_WEB_9058.java:74)
... Removed 24 stack frames]]>
    </failure>
  </testcase> <!-- verifyLocationIsAdded -->
  <testcase name="verifyGatewayIsAdded" time="0.0" classname="com.automation.testcasedemo.LRS_WEB_1144_WEB_9058">
    <skipped/>
  </testcase> <!-- verifyGatewayIsAdded -->
  <testcase name="verifyTabletIsAdded" time="0.0" classname="com.automation.testcasedemo.LRS_WEB_1144_WEB_9058">
    <skipped/>
  </testcase> <!-- verifyTabletIsAdded -->
  <testcase name="verifyNotes" time="0.0" classname="com.automation.testcasedemo.LRS_WEB_1144_WEB_9058">
    <skipped/>
  </testcase> <!-- verifyNotes -->
  <testcase name="verifyLocationIsDeleted" time="0.0" classname="com.automation.testcasedemo.LRS_WEB_1144_WEB_9058">
    <skipped/>
  </testcase> <!-- verifyLocationIsDeleted -->
  <testcase name="switchBack" time="5.001" classname="com.automation.testcasedemo.LRS_WEB_1144_WEB_9058">
    <failure type="java.lang.NullPointerException">
      <![CDATA[java.lang.NullPointerException
	at com.google.common.base.Preconditions.checkNotNull(Preconditions.java:210)
	at org.openqa.selenium.support.ui.FluentWait.<init>(FluentWait.java:102)
	at org.openqa.selenium.support.ui.WebDriverWait.<init>(WebDriverWait.java:71)
	at org.openqa.selenium.support.ui.WebDriverWait.<init>(WebDriverWait.java:45)
	at com.selenium.common.SeleniumCommon.waitForElement(SeleniumCommon.java:43)
	at selenium.Element.getElement(Element.java:336)
	at selenium.Element.findElement(Element.java:276)
	at selenium.Element.loadElement(Element.java:61)
	at selenium.Element.isDisplayed(Element.java:98)
	at applicationActions.AccountUserActions.switchback(AccountUserActions.java:95)
	at com.automation.testcasedemo.LRS_WEB_1144_WEB_9058.switchBack(LRS_WEB_1144_WEB_9058.java:144)
... Removed 24 stack frames]]>
    </failure>
  </testcase> <!-- switchBack -->
  <testcase name="verifyAccountDelete" time="5.032" classname="com.automation.testcasedemo.LRS_WEB_8562">
    <failure type="java.lang.NullPointerException">
      <![CDATA[java.lang.NullPointerException
	at com.google.common.base.Preconditions.checkNotNull(Preconditions.java:210)
	at org.openqa.selenium.support.ui.FluentWait.<init>(FluentWait.java:102)
	at org.openqa.selenium.support.ui.WebDriverWait.<init>(WebDriverWait.java:71)
	at org.openqa.selenium.support.ui.WebDriverWait.<init>(WebDriverWait.java:45)
	at com.selenium.common.SeleniumCommon.waitForElement(SeleniumCommon.java:43)
	at selenium.Element.getElement(Element.java:336)
	at selenium.Element.findElement(Element.java:276)
	at applicationActions.AccountActions.searchAccountAndEnter(AccountActions.java:90)
	at com.automation.testcasedemo.LRS_WEB_8562.verifyAccountDelete(LRS_WEB_8562.java:34)
... Removed 24 stack frames]]>
    </failure>
  </testcase> <!-- verifyAccountDelete -->
  <testcase name="testDeleteNewlyCreatedGroup" time="30.003" classname="com.automation.testcasedemo.LRS_WEB_6039">
    <failure type="java.lang.NullPointerException">
      <![CDATA[java.lang.NullPointerException
	at com.google.common.base.Preconditions.checkNotNull(Preconditions.java:210)
	at org.openqa.selenium.support.ui.FluentWait.<init>(FluentWait.java:102)
	at org.openqa.selenium.support.ui.WebDriverWait.<init>(WebDriverWait.java:71)
	at org.openqa.selenium.support.ui.WebDriverWait.<init>(WebDriverWait.java:45)
	at com.selenium.common.SeleniumCommon.waitForElement(SeleniumCommon.java:43)
	at selenium.Element.getElement(Element.java:336)
	at selenium.Element.findElement(Element.java:276)
	at applicationActions.GroupActions.navigateToViewAllGroupsPage(GroupActions.java:57)
	at com.automation.testcasedemo.LRS_WEB_6039.testDeleteNewlyCreatedGroup(LRS_WEB_6039.java:28)
... Removed 24 stack frames]]>
    </failure>
  </testcase> <!-- testDeleteNewlyCreatedGroup -->
  <testcase name="testVerifyNewlyDeletedGroupIsNotAvailableInAccount" time="20.007" classname="com.automation.testcasedemo.LRS_WEB_6039">
    <failure type="java.lang.NullPointerException">
      <![CDATA[java.lang.NullPointerException
	at com.google.common.base.Preconditions.checkNotNull(Preconditions.java:210)
	at org.openqa.selenium.support.ui.FluentWait.<init>(FluentWait.java:102)
	at org.openqa.selenium.support.ui.WebDriverWait.<init>(WebDriverWait.java:71)
	at org.openqa.selenium.support.ui.WebDriverWait.<init>(WebDriverWait.java:45)
	at com.selenium.common.SeleniumCommon.waitForElement(SeleniumCommon.java:43)
	at selenium.Element.getElement(Element.java:336)
	at selenium.Element.findElement(Element.java:276)
	at applicationActions.GroupActions.navigateToViewAllGroupsPage(GroupActions.java:57)
	at com.automation.testcasedemo.LRS_WEB_6039.testVerifyNewlyDeletedGroupIsNotAvailableInAccount(LRS_WEB_6039.java:40)
... Removed 24 stack frames]]>
    </failure>
  </testcase> <!-- testVerifyNewlyDeletedGroupIsNotAvailableInAccount -->
  <testcase name="logOut" time="15.006" classname="com.automation.testcasedemo.LRS_WEB_8551">
    <failure type="java.lang.NullPointerException">
      <![CDATA[java.lang.NullPointerException
	at com.google.common.base.Preconditions.checkNotNull(Preconditions.java:210)
	at org.openqa.selenium.support.ui.FluentWait.<init>(FluentWait.java:102)
	at org.openqa.selenium.support.ui.WebDriverWait.<init>(WebDriverWait.java:71)
	at org.openqa.selenium.support.ui.WebDriverWait.<init>(WebDriverWait.java:45)
	at com.selenium.common.SeleniumCommon.waitForElement(SeleniumCommon.java:43)
	at selenium.Element.getElement(Element.java:336)
	at selenium.Element.findElement(Element.java:276)
	at selenium.Element.loadElement(Element.java:61)
	at selenium.Element.click(Element.java:128)
	at applicationActions.LogoutActions.logoutFromLRSApplication(LogoutActions.java:26)
	at com.automation.testcasedemo.LRS_WEB_8551.logOut(LRS_WEB_8551.java:24)
... Removed 24 stack frames]]>
    </failure>
  </testcase> <!-- logOut -->
</testsuite> <!-- Test -->
