<!DOCTYPE html PUBLIC "-//W3C//DTD XHTML 1.1//EN" "http://www.w3.org/TR/xhtml11/DTD/xhtml11.dtd">
<html xmlns="http://www.w3.org/1999/xhtml"><head><title>TestNG Report</title><style type="text/css">table {margin-bottom:10px;border-collapse:collapse;empty-cells:show}th,td {border:1px solid #009;padding:.25em .5em}th {vertical-align:bottom}td {vertical-align:top}table a {font-weight:bold}.stripe td {background-color: #E6EBF9}.num {text-align:right}.passedodd td {background-color: #3F3}.passedeven td {background-color: #0A0}.skippedodd td {background-color: #DDD}.skippedeven td {background-color: #CCC}.failedodd td,.attn {background-color: #F33}.failedeven td,.stripe .attn {background-color: #D00}.stacktrace {white-space:pre;font-family:monospace}.totop {font-size:85%;text-align:center;border-bottom:2px solid #000}</style></head><body><table><tr><th>Test</th><th># Passed</th><th># Skipped</th><th># Failed</th><th>Time (ms)</th><th>Included Groups</th><th>Excluded Groups</th></tr><tr><th colspan="7">Suite</th></tr><tr><td><a href="#t0">Test</a></td><td class="num">2</td><td class="num attn">11</td><td class="num attn">34</td><td class="num">225,091</td><td></td><td></td></tr></table><table><thead><tr><th>Class</th><th>Method</th><th>Start</th><th>Time (ms)</th></tr></thead><tbody><tr><th colspan="4">Suite</th></tr></tbody><tbody id="t0"><tr><th colspan="4">Test &#8212; failed (configuration methods)</th></tr><tr class="failedeven"><td rowspan="1">com.automation.testcasedemo.LRS_WEB_8549</td><td><a href="#m0">beforeTest</a></td><td rowspan="1">1536045472059</td><td rowspan="1">0</td></tr><tr><th colspan="4">Test &#8212; failed</th></tr><tr class="failedeven"><td rowspan="4">com.automation.testcasedemo.AccountActivationAndVerification</td><td><a href="#m1">ActivateAccount</a></td><td rowspan="1">1536045508405</td><td rowspan="1">13341</td></tr><tr class="failedeven"><td><a href="#m2">LogoutFromSuperAdmin</a></td><td rowspan="1">1536045503393</td><td rowspan="1">5008</td></tr><tr class="failedeven"><td><a href="#m3">logoutAsuser</a></td><td rowspan="1">1536045521770</td><td rowspan="1">5024</td></tr><tr class="failedeven"><td><a href="#m4">verifyAccountByLoginIntoIt</a></td><td rowspan="1">1536045521755</td><td rowspan="1">6</td></tr><tr class="failedodd"><td rowspan="1">com.automation.testcasedemo.ForgetPassword</td><td><a href="#m5">forgetPassword</a></td><td rowspan="1">1536045526799</td><td rowspan="1">2</td></tr><tr class="failedeven"><td rowspan="2">com.automation.testcasedemo.LRS_WEB_1144_WEB_9058</td><td><a href="#m6">switchBack</a></td><td rowspan="1">1536045622077</td><td rowspan="1">5001</td></tr><tr class="failedeven"><td><a href="#m7">verifyLocationIsAdded</a></td><td rowspan="1">1536045617022</td><td rowspan="1">5034</td></tr><tr class="failedodd"><td rowspan="2">com.automation.testcasedemo.LRS_WEB_6039</td><td><a href="#m8">testDeleteNewlyCreatedGroup</a></td><td rowspan="1">1536045632117</td><td rowspan="1">30003</td></tr><tr class="failedodd"><td><a href="#m9">testVerifyNewlyDeletedGroupIsNotAvailableInAccount</a></td><td rowspan="1">1536045662124</td><td rowspan="1">20007</td></tr><tr class="failedeven"><td rowspan="1">com.automation.testcasedemo.LRS_WEB_8551</td><td><a href="#m10">logOut</a></td><td rowspan="1">1536045682135</td><td rowspan="1">15006</td></tr><tr class="failedodd"><td rowspan="5">com.automation.testcasedemo.LRS_WEB_8552</td><td><a href="#m11">verifyAccountMenuOption</a></td><td rowspan="1">1536045472187</td><td rowspan="1">10044</td></tr><tr class="failedodd"><td><a href="#m12">verifyGroupsOption</a></td><td rowspan="1">1536045484275</td><td rowspan="1">13</td></tr><tr class="failedodd"><td><a href="#m13">verifyReportingOption</a></td><td rowspan="1">1536045482262</td><td rowspan="1">2005</td></tr><tr class="failedodd"><td><a href="#m14">verifySupportOption</a></td><td rowspan="1">1536045484290</td><td rowspan="1">4</td></tr><tr class="failedodd"><td><a href="#m15">verifySupportUserOption</a></td><td rowspan="1">1536045482242</td><td rowspan="1">17</td></tr><tr class="failedeven"><td rowspan="1">com.automation.testcasedemo.LRS_WEB_8554</td><td><a href="#m16">verifyCreateUserAsCustomerSupportWithgroup</a></td><td rowspan="1">1536045526845</td><td rowspan="1">28</td></tr><tr class="failedodd"><td rowspan="3">com.automation.testcasedemo.LRS_WEB_8555</td><td><a href="#m17">accountOwnerSummaryReportVerification</a></td><td rowspan="1">1536045546918</td><td rowspan="1">10002</td></tr><tr class="failedodd"><td><a href="#m18">smsUsageReportVerification</a></td><td rowspan="1">1536045556923</td><td rowspan="1">10003</td></tr><tr class="failedodd"><td><a href="#m19">tableTrackerOrderSummaryVerification1</a></td><td rowspan="1">1536045566927</td><td rowspan="1">1</td></tr><tr class="failedeven"><td rowspan="4">com.automation.testcasedemo.LRS_WEB_8556_WEB_6031</td><td><a href="#m20">testAddGroupOptions</a></td><td rowspan="1">1536045486321</td><td rowspan="1">5009</td></tr><tr class="failedeven"><td><a href="#m21">testGroupMenuOptions</a></td><td rowspan="1">1536045484311</td><td rowspan="1">2003</td></tr><tr class="failedeven"><td><a href="#m22">testVerifyGroupIsCreated</a></td><td rowspan="1">1536045493344</td><td rowspan="1">7</td></tr><tr class="failedeven"><td><a href="#m23">testViewAllGroupOptions</a></td><td rowspan="1">1536045491335</td><td rowspan="1">2004</td></tr><tr class="failedodd"><td rowspan="1">com.automation.testcasedemo.LRS_WEB_8557</td><td><a href="#m24">verifySearchAndSelectAccount</a></td><td rowspan="1">1536045526912</td><td rowspan="1">20005</td></tr><tr class="failedeven"><td rowspan="1">com.automation.testcasedemo.LRS_WEB_8562</td><td><a href="#m25">verifyAccountDelete</a></td><td rowspan="1">1536045627082</td><td rowspan="1">5032</td></tr><tr class="failedodd"><td rowspan="1">com.automation.testcasedemo.LRS_WEB_8563_WEB_9057</td><td><a href="#m26">verifyCancelCreateAccountOption</a></td><td rowspan="1">1536045493358</td><td rowspan="1">10013</td></tr><tr class="failedeven"><td rowspan="6">com.automation.testcasedemo.LRS_WEB_8690</td><td><a href="#m27">verifyLocationSubMenu</a></td><td rowspan="1">1536045591963</td><td rowspan="1">5007</td></tr><tr class="failedeven"><td><a href="#m28">verifyLoginIntoTheAccountAsSuperAdmin</a></td><td rowspan="1">1536045576938</td><td rowspan="1">2</td></tr><tr class="failedeven"><td><a href="#m29">verifyReportsSubMenu</a></td><td rowspan="1">1536045576947</td><td rowspan="1">15009</td></tr><tr class="failedeven"><td><a href="#m30">verifySettingsSubMenu</a></td><td rowspan="1">1536045601979</td><td rowspan="1">5006</td></tr><tr class="failedeven"><td><a href="#m31">verifySupportSubMenu</a></td><td rowspan="1">1536045606987</td><td rowspan="1">5001</td></tr><tr class="failedeven"><td><a href="#m32">verifyUsersSubMenu</a></td><td rowspan="1">1536045596974</td><td rowspan="1">5003</td></tr><tr class="failedodd"><td rowspan="1">com.automation.testcasedemo.LRS_WEB_9192_SupportPage</td><td><a href="#m33">verifySupportPageThroughSuperAdmin</a></td><td rowspan="1">1536045484300</td><td rowspan="1">2</td></tr><tr class="failedeven"><td rowspan="1">com.automation.testcasedemo.LRS_WEB_9227</td><td><a href="#m34">changeAccountOwner</a></td><td rowspan="1">1536045566931</td><td rowspan="1">10002</td></tr><tr><th colspan="4">Test &#8212; skipped</th></tr><tr class="skippedeven"><td rowspan="1">com.automation.testcasedemo.ForgetPassword</td><td><a href="#m35">LoginAsSuperAdmin</a></td><td rowspan="1">1536045526806</td><td rowspan="1">0</td></tr><tr class="skippedodd"><td rowspan="4">com.automation.testcasedemo.LRS_WEB_1144_WEB_9058</td><td><a href="#m36">verifyGatewayIsAdded</a></td><td rowspan="1">1536045622061</td><td rowspan="1">0</td></tr><tr class="skippedodd"><td><a href="#m37">verifyLocationIsDeleted</a></td><td rowspan="1">1536045622076</td><td rowspan="1">0</td></tr><tr class="skippedodd"><td><a href="#m38">verifyNotes</a></td><td rowspan="1">1536045622072</td><td rowspan="1">0</td></tr><tr class="skippedodd"><td><a href="#m39">verifyTabletIsAdded</a></td><td rowspan="1">1536045622064</td><td rowspan="1">0</td></tr><tr class="skippedeven"><td rowspan="1">com.automation.testcasedemo.LRS_WEB_8549</td><td><a href="#m40">login</a></td><td rowspan="1">1536045472172</td><td rowspan="1">7</td></tr><tr class="skippedodd"><td rowspan="3">com.automation.testcasedemo.LRS_WEB_8554</td><td><a href="#m41">verifyCreateUserAsCustomerSupportWithGlobal</a></td><td rowspan="1">1536045526886</td><td rowspan="1">0</td></tr><tr class="skippedodd"><td><a href="#m42">verifyCreateUserAsSalesSupportWithGlobal</a></td><td rowspan="1">1536045526904</td><td rowspan="1">0</td></tr><tr class="skippedodd"><td><a href="#m43">verifyViewAllUser</a></td><td rowspan="1">1536045526908</td><td rowspan="1">1</td></tr><tr class="skippedeven"><td rowspan="2">com.automation.testcasedemo.LRS_WEB_8563_WEB_9057</td><td><a href="#m44">addGroupInAccount</a></td><td rowspan="1">1536045503388</td><td rowspan="1">0</td></tr><tr class="skippedeven"><td><a href="#m45">verifySaveCreateAccountOption</a></td><td rowspan="1">1536045503381</td><td rowspan="1">0</td></tr><tr><th colspan="4">Test &#8212; passed</th></tr><tr class="passedeven"><td rowspan="1">com.automation.testcasedemo.LRS_WEB_1144_WEB_9058</td><td><a href="#m46">verifyLoginIntoTheAccountAsSuperAdmin</a></td><td rowspan="1">1536045617008</td><td rowspan="1">6</td></tr><tr class="passedodd"><td rowspan="1">com.automation.testcasedemo.LRS_WEB_8690</td><td><a href="#m47">switchBack</a></td><td rowspan="1">1536045611996</td><td rowspan="1">5004</td></tr></tbody></table><h2>Test</h2><h3 id="m0">com.automation.testcasedemo.LRS_WEB_8549#beforeTest</h3><table class="result"><tr><th>Exception</th></tr><tr><td><div class="stacktrace">java.lang.IllegalStateException: The driver executable does not exist: F:\Automation123\Rohit66\Drivers\windows\chromedriver.exe
	at com.google.common.base.Preconditions.checkState(Preconditions.java:197)
	at org.openqa.selenium.remote.service.DriverService.checkExecutable(DriverService.java:121)
	at org.openqa.selenium.remote.service.DriverService.findExecutable(DriverService.java:116)
	at org.openqa.selenium.chrome.ChromeDriverService.access$000(ChromeDriverService.java:32)
	at org.openqa.selenium.chrome.ChromeDriverService$Builder.findDefaultExecutable(ChromeDriverService.java:137)
	at org.openqa.selenium.remote.service.DriverService$Builder.build(DriverService.java:296)
	at org.openqa.selenium.chrome.ChromeDriverService.createDefaultService(ChromeDriverService.java:88)
	at org.openqa.selenium.chrome.ChromeDriver.&lt;init&gt;(ChromeDriver.java:120)
	at com.automation.browser.Chrome.getBrowser(Chrome.java:17)
	at com.automation.browser.Browser.openBrowser(Browser.java:28)
	at com.automation.browser.Browser.setBrowser(Browser.java:143)
	at com.automation.browser.Browser.initializeBrowser(Browser.java:129)
	at com.automation.testcasedemo.Login.beforeTest(Login.java:21)
... Removed 22 stack frames</div></td></tr></table><p class="totop"><a href="#summary">back to summary</a></p><h3 id="m1">com.automation.testcasedemo.AccountActivationAndVerification#ActivateAccount</h3><table class="result"><tr><th>Exception</th></tr><tr><td><div class="stacktrace">java.lang.Exception: Could not found Email, It is now present.
	at com.selenium.common.MailingUtilities.getEmail(MailingUtilities.java:53)
	at com.automation.testcasedemo.AccountActivationAndVerification.ActivateAccount(AccountActivationAndVerification.java:40)
... Removed 24 stack frames</div></td></tr></table><p class="totop"><a href="#summary">back to summary</a></p><h3 id="m2">com.automation.testcasedemo.AccountActivationAndVerification#LogoutFromSuperAdmin</h3><table class="result"><tr><th>Exception</th></tr><tr><td><div class="stacktrace">java.lang.NullPointerException
	at com.google.common.base.Preconditions.checkNotNull(Preconditions.java:210)
	at org.openqa.selenium.support.ui.FluentWait.&lt;init&gt;(FluentWait.java:102)
	at org.openqa.selenium.support.ui.WebDriverWait.&lt;init&gt;(WebDriverWait.java:71)
	at org.openqa.selenium.support.ui.WebDriverWait.&lt;init&gt;(WebDriverWait.java:45)
	at com.selenium.common.SeleniumCommon.waitForElement(SeleniumCommon.java:43)
	at selenium.Element.getElement(Element.java:336)
	at selenium.Element.findElement(Element.java:276)
	at selenium.Element.loadElement(Element.java:61)
	at selenium.Element.click(Element.java:128)
	at applicationActions.LogoutActions.logoutFromLRSApplication(LogoutActions.java:26)
	at com.automation.testcasedemo.AccountActivationAndVerification.LogoutFromSuperAdmin(AccountActivationAndVerification.java:27)
... Removed 24 stack frames</div></td></tr></table><p class="totop"><a href="#summary">back to summary</a></p><h3 id="m3">com.automation.testcasedemo.AccountActivationAndVerification#logoutAsuser</h3><table class="result"><tr><th>Exception</th></tr><tr><td><div class="stacktrace">java.lang.NullPointerException
	at com.google.common.base.Preconditions.checkNotNull(Preconditions.java:210)
	at org.openqa.selenium.support.ui.FluentWait.&lt;init&gt;(FluentWait.java:102)
	at org.openqa.selenium.support.ui.WebDriverWait.&lt;init&gt;(WebDriverWait.java:71)
	at org.openqa.selenium.support.ui.WebDriverWait.&lt;init&gt;(WebDriverWait.java:45)
	at com.selenium.common.SeleniumCommon.waitForElement(SeleniumCommon.java:43)
	at selenium.Element.getElement(Element.java:336)
	at selenium.Element.findElement(Element.java:276)
	at selenium.Element.loadElement(Element.java:61)
	at selenium.Element.click(Element.java:128)
	at applicationActions.LogoutActions.logoutFromLRSApplication(LogoutActions.java:26)
	at com.automation.testcasedemo.AccountActivationAndVerification.logoutAsuser(AccountActivationAndVerification.java:76)
... Removed 24 stack frames</div></td></tr></table><p class="totop"><a href="#summary">back to summary</a></p><h3 id="m4">com.automation.testcasedemo.AccountActivationAndVerification#verifyAccountByLoginIntoIt</h3><table class="result"><tr><th>Exception</th></tr><tr><td><div class="stacktrace">java.lang.NullPointerException
	at com.google.common.base.Preconditions.checkNotNull(Preconditions.java:210)
	at org.openqa.selenium.support.ui.FluentWait.&lt;init&gt;(FluentWait.java:102)
	at org.openqa.selenium.support.ui.WebDriverWait.&lt;init&gt;(WebDriverWait.java:71)
	at org.openqa.selenium.support.ui.WebDriverWait.&lt;init&gt;(WebDriverWait.java:45)
	at com.selenium.common.SeleniumCommon.waitForElement(SeleniumCommon.java:43)
	at selenium.Element.getElement(Element.java:336)
	at selenium.Element.findElement(Element.java:276)
	at selenium.Element.loadElement(Element.java:61)
	at selenium.Element.setText(Element.java:142)
	at applicationActions.LoginActions.loginLRSApp(LoginActions.java:84)
	at com.automation.testcasedemo.AccountActivationAndVerification.verifyAccountByLoginIntoIt(AccountActivationAndVerification.java:67)
... Removed 24 stack frames</div></td></tr></table><p class="totop"><a href="#summary">back to summary</a></p><h3 id="m5">com.automation.testcasedemo.ForgetPassword#forgetPassword</h3><table class="result"><tr><th>Exception</th></tr><tr><td><div class="stacktrace">java.lang.NullPointerException
	at com.google.common.base.Preconditions.checkNotNull(Preconditions.java:210)
	at org.openqa.selenium.support.ui.FluentWait.&lt;init&gt;(FluentWait.java:102)
	at org.openqa.selenium.support.ui.WebDriverWait.&lt;init&gt;(WebDriverWait.java:71)
	at org.openqa.selenium.support.ui.WebDriverWait.&lt;init&gt;(WebDriverWait.java:45)
	at com.selenium.common.SeleniumCommon.waitForElement(SeleniumCommon.java:43)
	at selenium.Element.getElement(Element.java:336)
	at selenium.Element.findElement(Element.java:276)
	at selenium.Element.loadElement(Element.java:61)
	at selenium.Element.click(Element.java:128)
	at applicationActions.LogoutActions.forgetPassword(LogoutActions.java:33)
	at com.automation.testcasedemo.ForgetPassword.forgetPassword(ForgetPassword.java:31)
... Removed 24 stack frames</div></td></tr></table><p class="totop"><a href="#summary">back to summary</a></p><h3 id="m6">com.automation.testcasedemo.LRS_WEB_1144_WEB_9058#switchBack</h3><table class="result"><tr><th>Exception</th></tr><tr><td><div class="stacktrace">java.lang.NullPointerException
	at com.google.common.base.Preconditions.checkNotNull(Preconditions.java:210)
	at org.openqa.selenium.support.ui.FluentWait.&lt;init&gt;(FluentWait.java:102)
	at org.openqa.selenium.support.ui.WebDriverWait.&lt;init&gt;(WebDriverWait.java:71)
	at org.openqa.selenium.support.ui.WebDriverWait.&lt;init&gt;(WebDriverWait.java:45)
	at com.selenium.common.SeleniumCommon.waitForElement(SeleniumCommon.java:43)
	at selenium.Element.getElement(Element.java:336)
	at selenium.Element.findElement(Element.java:276)
	at selenium.Element.loadElement(Element.java:61)
	at selenium.Element.isDisplayed(Element.java:98)
	at applicationActions.AccountUserActions.switchback(AccountUserActions.java:95)
	at com.automation.testcasedemo.LRS_WEB_1144_WEB_9058.switchBack(LRS_WEB_1144_WEB_9058.java:144)
... Removed 24 stack frames</div></td></tr></table><p class="totop"><a href="#summary">back to summary</a></p><h3 id="m7">com.automation.testcasedemo.LRS_WEB_1144_WEB_9058#verifyLocationIsAdded</h3><table class="result"><tr><th>Exception</th></tr><tr><td><div class="stacktrace">java.lang.NullPointerException
	at com.google.common.base.Preconditions.checkNotNull(Preconditions.java:210)
	at org.openqa.selenium.support.ui.FluentWait.&lt;init&gt;(FluentWait.java:102)
	at org.openqa.selenium.support.ui.WebDriverWait.&lt;init&gt;(WebDriverWait.java:71)
	at org.openqa.selenium.support.ui.WebDriverWait.&lt;init&gt;(WebDriverWait.java:45)
	at com.selenium.common.SeleniumCommon.waitForElement(SeleniumCommon.java:43)
	at selenium.Element.getElement(Element.java:336)
	at selenium.Element.findElement(Element.java:276)
	at selenium.Element.loadElement(Element.java:61)
	at selenium.Element.isDisplayed(Element.java:98)
	at applicationActions.AccountUserActions.verifySubMenuLocations(AccountUserActions.java:51)
	at com.automation.testcasedemo.LRS_WEB_1144_WEB_9058.verifyLocationIsAdded(LRS_WEB_1144_WEB_9058.java:74)
... Removed 24 stack frames</div></td></tr></table><p class="totop"><a href="#summary">back to summary</a></p><h3 id="m8">com.automation.testcasedemo.LRS_WEB_6039#testDeleteNewlyCreatedGroup</h3><table class="result"><tr><th>Exception</th></tr><tr><td><div class="stacktrace">java.lang.NullPointerException
	at com.google.common.base.Preconditions.checkNotNull(Preconditions.java:210)
	at org.openqa.selenium.support.ui.FluentWait.&lt;init&gt;(FluentWait.java:102)
	at org.openqa.selenium.support.ui.WebDriverWait.&lt;init&gt;(WebDriverWait.java:71)
	at org.openqa.selenium.support.ui.WebDriverWait.&lt;init&gt;(WebDriverWait.java:45)
	at com.selenium.common.SeleniumCommon.waitForElement(SeleniumCommon.java:43)
	at selenium.Element.getElement(Element.java:336)
	at selenium.Element.findElement(Element.java:276)
	at applicationActions.GroupActions.navigateToViewAllGroupsPage(GroupActions.java:57)
	at com.automation.testcasedemo.LRS_WEB_6039.testDeleteNewlyCreatedGroup(LRS_WEB_6039.java:28)
... Removed 24 stack frames</div></td></tr></table><p class="totop"><a href="#summary">back to summary</a></p><h3 id="m9">com.automation.testcasedemo.LRS_WEB_6039#testVerifyNewlyDeletedGroupIsNotAvailableInAccount</h3><table class="result"><tr><th>Exception</th></tr><tr><td><div class="stacktrace">java.lang.NullPointerException
	at com.google.common.base.Preconditions.checkNotNull(Preconditions.java:210)
	at org.openqa.selenium.support.ui.FluentWait.&lt;init&gt;(FluentWait.java:102)
	at org.openqa.selenium.support.ui.WebDriverWait.&lt;init&gt;(WebDriverWait.java:71)
	at org.openqa.selenium.support.ui.WebDriverWait.&lt;init&gt;(WebDriverWait.java:45)
	at com.selenium.common.SeleniumCommon.waitForElement(SeleniumCommon.java:43)
	at selenium.Element.getElement(Element.java:336)
	at selenium.Element.findElement(Element.java:276)
	at applicationActions.GroupActions.navigateToViewAllGroupsPage(GroupActions.java:57)
	at com.automation.testcasedemo.LRS_WEB_6039.testVerifyNewlyDeletedGroupIsNotAvailableInAccount(LRS_WEB_6039.java:40)
... Removed 24 stack frames</div></td></tr></table><p class="totop"><a href="#summary">back to summary</a></p><h3 id="m10">com.automation.testcasedemo.LRS_WEB_8551#logOut</h3><table class="result"><tr><th>Exception</th></tr><tr><td><div class="stacktrace">java.lang.NullPointerException
	at com.google.common.base.Preconditions.checkNotNull(Preconditions.java:210)
	at org.openqa.selenium.support.ui.FluentWait.&lt;init&gt;(FluentWait.java:102)
	at org.openqa.selenium.support.ui.WebDriverWait.&lt;init&gt;(WebDriverWait.java:71)
	at org.openqa.selenium.support.ui.WebDriverWait.&lt;init&gt;(WebDriverWait.java:45)
	at com.selenium.common.SeleniumCommon.waitForElement(SeleniumCommon.java:43)
	at selenium.Element.getElement(Element.java:336)
	at selenium.Element.findElement(Element.java:276)
	at selenium.Element.loadElement(Element.java:61)
	at selenium.Element.click(Element.java:128)
	at applicationActions.LogoutActions.logoutFromLRSApplication(LogoutActions.java:26)
	at com.automation.testcasedemo.LRS_WEB_8551.logOut(LRS_WEB_8551.java:24)
... Removed 24 stack frames</div></td></tr></table><p class="totop"><a href="#summary">back to summary</a></p><h3 id="m11">com.automation.testcasedemo.LRS_WEB_8552#verifyAccountMenuOption</h3><table class="result"><tr><th>Exception</th></tr><tr><td><div class="stacktrace">java.lang.NullPointerException
	at com.google.common.base.Preconditions.checkNotNull(Preconditions.java:210)
	at org.openqa.selenium.support.ui.FluentWait.&lt;init&gt;(FluentWait.java:102)
	at org.openqa.selenium.support.ui.WebDriverWait.&lt;init&gt;(WebDriverWait.java:71)
	at org.openqa.selenium.support.ui.WebDriverWait.&lt;init&gt;(WebDriverWait.java:45)
	at com.selenium.common.SeleniumCommon.waitForElement(SeleniumCommon.java:43)
	at selenium.Element.getElement(Element.java:336)
	at selenium.Element.findElement(Element.java:276)
	at selenium.Element.loadElement(Element.java:61)
	at selenium.Element.isDisplayed(Element.java:98)
	at applicationActions.AccountActions.verifyAddAccountAndViewAccountsOptions(AccountActions.java:44)
	at com.automation.testcasedemo.LRS_WEB_8552.verifyAccountMenuOption(LRS_WEB_8552.java:31)
... Removed 24 stack frames</div></td></tr></table><p class="totop"><a href="#summary">back to summary</a></p><h3 id="m12">com.automation.testcasedemo.LRS_WEB_8552#verifyGroupsOption</h3><table class="result"><tr><th>Exception</th></tr><tr><td><div class="stacktrace">java.lang.NullPointerException
	at com.google.common.base.Preconditions.checkNotNull(Preconditions.java:210)
	at org.openqa.selenium.support.ui.FluentWait.&lt;init&gt;(FluentWait.java:102)
	at org.openqa.selenium.support.ui.WebDriverWait.&lt;init&gt;(WebDriverWait.java:71)
	at org.openqa.selenium.support.ui.WebDriverWait.&lt;init&gt;(WebDriverWait.java:45)
	at com.selenium.common.SeleniumCommon.waitForElement(SeleniumCommon.java:43)
	at selenium.Element.getElement(Element.java:336)
	at selenium.Element.findElement(Element.java:276)
	at applicationActions.GroupActions.verifyGroupsOptions(GroupActions.java:30)
	at com.automation.testcasedemo.LRS_WEB_8552.verifyGroupsOption(LRS_WEB_8552.java:56)
... Removed 24 stack frames</div></td></tr></table><p class="totop"><a href="#summary">back to summary</a></p><h3 id="m13">com.automation.testcasedemo.LRS_WEB_8552#verifyReportingOption</h3><table class="result"><tr><th>Exception</th></tr><tr><td><div class="stacktrace">java.lang.NullPointerException
	at com.google.common.base.Preconditions.checkNotNull(Preconditions.java:210)
	at org.openqa.selenium.support.ui.FluentWait.&lt;init&gt;(FluentWait.java:102)
	at org.openqa.selenium.support.ui.WebDriverWait.&lt;init&gt;(WebDriverWait.java:71)
	at org.openqa.selenium.support.ui.WebDriverWait.&lt;init&gt;(WebDriverWait.java:45)
	at com.selenium.common.SeleniumCommon.waitForElement(SeleniumCommon.java:43)
	at selenium.Element.getElement(Element.java:336)
	at selenium.Element.findElement(Element.java:276)
	at selenium.Element.loadElement(Element.java:61)
	at selenium.Element.isDisplayed(Element.java:98)
	at applicationActions.ReportingActions.navigateToReportingUsersMenu(ReportingActions.java:12)
	at com.automation.testcasedemo.LRS_WEB_8552.verifyReportingOption(LRS_WEB_8552.java:48)
... Removed 24 stack frames</div></td></tr></table><p class="totop"><a href="#summary">back to summary</a></p><h3 id="m14">com.automation.testcasedemo.LRS_WEB_8552#verifySupportOption</h3><table class="result"><tr><th>Exception</th></tr><tr><td><div class="stacktrace">java.lang.NullPointerException
	at com.google.common.base.Preconditions.checkNotNull(Preconditions.java:210)
	at org.openqa.selenium.support.ui.FluentWait.&lt;init&gt;(FluentWait.java:102)
	at org.openqa.selenium.support.ui.WebDriverWait.&lt;init&gt;(WebDriverWait.java:71)
	at org.openqa.selenium.support.ui.WebDriverWait.&lt;init&gt;(WebDriverWait.java:45)
	at com.selenium.common.SeleniumCommon.waitForElement(SeleniumCommon.java:43)
	at selenium.Element.getElement(Element.java:336)
	at selenium.Element.findElement(Element.java:276)
	at selenium.Element.loadElement(Element.java:61)
	at selenium.Element.isDisplayed(Element.java:98)
	at applicationActions.SupportActions.verifySupport(SupportActions.java:9)
	at com.automation.testcasedemo.LRS_WEB_8552.verifySupportOption(LRS_WEB_8552.java:64)
... Removed 24 stack frames</div></td></tr></table><p class="totop"><a href="#summary">back to summary</a></p><h3 id="m15">com.automation.testcasedemo.LRS_WEB_8552#verifySupportUserOption</h3><table class="result"><tr><th>Exception</th></tr><tr><td><div class="stacktrace">java.lang.NullPointerException
	at com.google.common.base.Preconditions.checkNotNull(Preconditions.java:210)
	at org.openqa.selenium.support.ui.FluentWait.&lt;init&gt;(FluentWait.java:102)
	at org.openqa.selenium.support.ui.WebDriverWait.&lt;init&gt;(WebDriverWait.java:71)
	at org.openqa.selenium.support.ui.WebDriverWait.&lt;init&gt;(WebDriverWait.java:45)
	at com.selenium.common.SeleniumCommon.waitForElement(SeleniumCommon.java:43)
	at selenium.Element.getElement(Element.java:336)
	at selenium.Element.findElement(Element.java:276)
	at selenium.Element.loadElement(Element.java:61)
	at selenium.Element.isDisplayed(Element.java:98)
	at applicationActions.SupportUsersActions.navigateToSupportUsersMenu(SupportUsersActions.java:16)
	at com.automation.testcasedemo.LRS_WEB_8552.verifySupportUserOption(LRS_WEB_8552.java:39)
... Removed 24 stack frames</div></td></tr></table><p class="totop"><a href="#summary">back to summary</a></p><h3 id="m16">com.automation.testcasedemo.LRS_WEB_8554#verifyCreateUserAsCustomerSupportWithgroup</h3><table class="result"><tr><th>Exception</th></tr><tr><td><div class="stacktrace">java.lang.NullPointerException
	at com.google.common.base.Preconditions.checkNotNull(Preconditions.java:210)
	at org.openqa.selenium.support.ui.FluentWait.&lt;init&gt;(FluentWait.java:102)
	at org.openqa.selenium.support.ui.WebDriverWait.&lt;init&gt;(WebDriverWait.java:71)
	at org.openqa.selenium.support.ui.WebDriverWait.&lt;init&gt;(WebDriverWait.java:45)
	at com.selenium.common.SeleniumCommon.waitForElement(SeleniumCommon.java:43)
	at selenium.Element.getElement(Element.java:336)
	at selenium.Element.findElement(Element.java:276)
	at selenium.Element.loadElement(Element.java:61)
	at selenium.Element.isDisplayed(Element.java:98)
	at applicationActions.SupportUsersActions.createUser(SupportUsersActions.java:26)
	at com.automation.testcasedemo.LRS_WEB_8554.verifyCreateUserAsCustomerSupportWithgroup(LRS_WEB_8554.java:57)
... Removed 24 stack frames</div></td></tr></table><p class="totop"><a href="#summary">back to summary</a></p><h3 id="m17">com.automation.testcasedemo.LRS_WEB_8555#accountOwnerSummaryReportVerification</h3><table class="result"><tr><th>Exception</th></tr><tr><td><div class="stacktrace">java.lang.NullPointerException
	at com.google.common.base.Preconditions.checkNotNull(Preconditions.java:210)
	at org.openqa.selenium.support.ui.FluentWait.&lt;init&gt;(FluentWait.java:102)
	at org.openqa.selenium.support.ui.WebDriverWait.&lt;init&gt;(WebDriverWait.java:71)
	at org.openqa.selenium.support.ui.WebDriverWait.&lt;init&gt;(WebDriverWait.java:45)
	at com.selenium.common.SeleniumCommon.waitForElement(SeleniumCommon.java:43)
	at selenium.Element.getElement(Element.java:336)
	at selenium.Element.findElement(Element.java:276)
	at selenium.Element.loadElement(Element.java:61)
	at selenium.Element.isDisplayed(Element.java:98)
	at applicationActions.ReportingActions.navigateToReportingUsersMenu(ReportingActions.java:12)
	at com.automation.testcasedemo.LRS_WEB_8555.accountOwnerSummaryReportVerification(LRS_WEB_8555.java:28)
... Removed 24 stack frames</div></td></tr></table><p class="totop"><a href="#summary">back to summary</a></p><h3 id="m18">com.automation.testcasedemo.LRS_WEB_8555#smsUsageReportVerification</h3><table class="result"><tr><th>Exception</th></tr><tr><td><div class="stacktrace">java.lang.NullPointerException
	at com.google.common.base.Preconditions.checkNotNull(Preconditions.java:210)
	at org.openqa.selenium.support.ui.FluentWait.&lt;init&gt;(FluentWait.java:102)
	at org.openqa.selenium.support.ui.WebDriverWait.&lt;init&gt;(WebDriverWait.java:71)
	at org.openqa.selenium.support.ui.WebDriverWait.&lt;init&gt;(WebDriverWait.java:45)
	at com.selenium.common.SeleniumCommon.waitForElement(SeleniumCommon.java:43)
	at selenium.Element.getElement(Element.java:336)
	at selenium.Element.findElement(Element.java:276)
	at selenium.Element.loadElement(Element.java:61)
	at selenium.Element.isDisplayed(Element.java:98)
	at applicationActions.ReportingActions.navigateToReportingUsersMenu(ReportingActions.java:12)
	at com.automation.testcasedemo.LRS_WEB_8555.smsUsageReportVerification(LRS_WEB_8555.java:38)
... Removed 24 stack frames</div></td></tr></table><p class="totop"><a href="#summary">back to summary</a></p><h3 id="m19">com.automation.testcasedemo.LRS_WEB_8555#tableTrackerOrderSummaryVerification1</h3><table class="result"><tr><th>Exception</th></tr><tr><td><div class="stacktrace">java.lang.NullPointerException
	at com.google.common.base.Preconditions.checkNotNull(Preconditions.java:210)
	at org.openqa.selenium.support.ui.FluentWait.&lt;init&gt;(FluentWait.java:102)
	at org.openqa.selenium.support.ui.WebDriverWait.&lt;init&gt;(WebDriverWait.java:71)
	at org.openqa.selenium.support.ui.WebDriverWait.&lt;init&gt;(WebDriverWait.java:45)
	at com.selenium.common.SeleniumCommon.waitForElement(SeleniumCommon.java:43)
	at selenium.Element.getElement(Element.java:336)
	at selenium.Element.findElement(Element.java:276)
	at selenium.Element.loadElement(Element.java:61)
	at selenium.Element.isDisplayed(Element.java:98)
	at applicationActions.ReportingActions.navigateToReportingUsersMenu(ReportingActions.java:12)
	at com.automation.testcasedemo.LRS_WEB_8555.tableTrackerOrderSummaryVerification1(LRS_WEB_8555.java:47)
... Removed 24 stack frames</div></td></tr></table><p class="totop"><a href="#summary">back to summary</a></p><h3 id="m20">com.automation.testcasedemo.LRS_WEB_8556_WEB_6031#testAddGroupOptions</h3><table class="result"><tr><th>Exception</th></tr><tr><td><div class="stacktrace">java.lang.NullPointerException
	at com.google.common.base.Preconditions.checkNotNull(Preconditions.java:210)
	at org.openqa.selenium.support.ui.FluentWait.&lt;init&gt;(FluentWait.java:102)
	at org.openqa.selenium.support.ui.WebDriverWait.&lt;init&gt;(WebDriverWait.java:71)
	at org.openqa.selenium.support.ui.WebDriverWait.&lt;init&gt;(WebDriverWait.java:45)
	at com.selenium.common.SeleniumCommon.waitForElement(SeleniumCommon.java:43)
	at selenium.Element.getElement(Element.java:336)
	at selenium.Element.findElement(Element.java:276)
	at selenium.Element.loadElement(Element.java:61)
	at selenium.Element.click(Element.java:128)
	at applicationActions.GroupActions.addNewGroup(GroupActions.java:68)
	at com.automation.testcasedemo.LRS_WEB_8556_WEB_6031.testAddGroupOptions(LRS_WEB_8556_WEB_6031.java:42)
... Removed 24 stack frames</div></td></tr></table><p class="totop"><a href="#summary">back to summary</a></p><h3 id="m21">com.automation.testcasedemo.LRS_WEB_8556_WEB_6031#testGroupMenuOptions</h3><table class="result"><tr><th>Exception</th></tr><tr><td><div class="stacktrace">java.lang.NullPointerException
	at com.google.common.base.Preconditions.checkNotNull(Preconditions.java:210)
	at org.openqa.selenium.support.ui.FluentWait.&lt;init&gt;(FluentWait.java:102)
	at org.openqa.selenium.support.ui.WebDriverWait.&lt;init&gt;(WebDriverWait.java:71)
	at org.openqa.selenium.support.ui.WebDriverWait.&lt;init&gt;(WebDriverWait.java:45)
	at com.selenium.common.SeleniumCommon.waitForElement(SeleniumCommon.java:43)
	at selenium.Element.getElement(Element.java:336)
	at selenium.Element.findElement(Element.java:276)
	at applicationActions.GroupActions.verifyGroupsOptions(GroupActions.java:30)
	at com.automation.testcasedemo.LRS_WEB_8556_WEB_6031.testGroupMenuOptions(LRS_WEB_8556_WEB_6031.java:32)
... Removed 24 stack frames</div></td></tr></table><p class="totop"><a href="#summary">back to summary</a></p><h3 id="m22">com.automation.testcasedemo.LRS_WEB_8556_WEB_6031#testVerifyGroupIsCreated</h3><table class="result"><tr><th>Exception</th></tr><tr><td><div class="stacktrace">java.lang.NullPointerException
	at com.google.common.base.Preconditions.checkNotNull(Preconditions.java:210)
	at org.openqa.selenium.support.ui.FluentWait.&lt;init&gt;(FluentWait.java:102)
	at org.openqa.selenium.support.ui.WebDriverWait.&lt;init&gt;(WebDriverWait.java:71)
	at org.openqa.selenium.support.ui.WebDriverWait.&lt;init&gt;(WebDriverWait.java:45)
	at com.selenium.common.SeleniumCommon.waitForElement(SeleniumCommon.java:43)
	at selenium.Element.getElement(Element.java:336)
	at selenium.Element.findElement(Element.java:276)
	at selenium.Element.getDynamicXPath(Element.java:53)
	at applicationActions.GroupActions.verifyGroupisCreated(GroupActions.java:85)
	at com.automation.testcasedemo.LRS_WEB_8556_WEB_6031.testVerifyGroupIsCreated(LRS_WEB_8556_WEB_6031.java:65)
... Removed 24 stack frames</div></td></tr></table><p class="totop"><a href="#summary">back to summary</a></p><h3 id="m23">com.automation.testcasedemo.LRS_WEB_8556_WEB_6031#testViewAllGroupOptions</h3><table class="result"><tr><th>Exception</th></tr><tr><td><div class="stacktrace">java.lang.NullPointerException
	at com.google.common.base.Preconditions.checkNotNull(Preconditions.java:210)
	at org.openqa.selenium.support.ui.FluentWait.&lt;init&gt;(FluentWait.java:102)
	at org.openqa.selenium.support.ui.WebDriverWait.&lt;init&gt;(WebDriverWait.java:71)
	at org.openqa.selenium.support.ui.WebDriverWait.&lt;init&gt;(WebDriverWait.java:45)
	at com.selenium.common.SeleniumCommon.waitForElement(SeleniumCommon.java:43)
	at selenium.Element.getElement(Element.java:336)
	at selenium.Element.findElement(Element.java:276)
	at applicationActions.GroupActions.navigateToViewAllGroupsPage(GroupActions.java:57)
	at com.automation.testcasedemo.LRS_WEB_8556_WEB_6031.testViewAllGroupOptions(LRS_WEB_8556_WEB_6031.java:53)
... Removed 24 stack frames</div></td></tr></table><p class="totop"><a href="#summary">back to summary</a></p><h3 id="m24">com.automation.testcasedemo.LRS_WEB_8557#verifySearchAndSelectAccount</h3><table class="result"><tr><th>Exception</th></tr><tr><td><div class="stacktrace">java.lang.NullPointerException
	at com.google.common.base.Preconditions.checkNotNull(Preconditions.java:210)
	at org.openqa.selenium.support.ui.FluentWait.&lt;init&gt;(FluentWait.java:102)
	at org.openqa.selenium.support.ui.WebDriverWait.&lt;init&gt;(WebDriverWait.java:71)
	at org.openqa.selenium.support.ui.WebDriverWait.&lt;init&gt;(WebDriverWait.java:45)
	at com.selenium.common.SeleniumCommon.waitForElement(SeleniumCommon.java:43)
	at selenium.Element.getElement(Element.java:336)
	at selenium.Element.findElement(Element.java:276)
	at selenium.Element.loadElement(Element.java:61)
	at selenium.Element.click(Element.java:128)
	at applicationActions.AccountActions.verifyViewAccountMenuOptions(AccountActions.java:67)
	at com.automation.testcasedemo.LRS_WEB_8557.verifySearchAndSelectAccount(LRS_WEB_8557.java:27)
... Removed 24 stack frames</div></td></tr></table><p class="totop"><a href="#summary">back to summary</a></p><h3 id="m25">com.automation.testcasedemo.LRS_WEB_8562#verifyAccountDelete</h3><table class="result"><tr><th>Exception</th></tr><tr><td><div class="stacktrace">java.lang.NullPointerException
	at com.google.common.base.Preconditions.checkNotNull(Preconditions.java:210)
	at org.openqa.selenium.support.ui.FluentWait.&lt;init&gt;(FluentWait.java:102)
	at org.openqa.selenium.support.ui.WebDriverWait.&lt;init&gt;(WebDriverWait.java:71)
	at org.openqa.selenium.support.ui.WebDriverWait.&lt;init&gt;(WebDriverWait.java:45)
	at com.selenium.common.SeleniumCommon.waitForElement(SeleniumCommon.java:43)
	at selenium.Element.getElement(Element.java:336)
	at selenium.Element.findElement(Element.java:276)
	at applicationActions.AccountActions.searchAccountAndEnter(AccountActions.java:90)
	at com.automation.testcasedemo.LRS_WEB_8562.verifyAccountDelete(LRS_WEB_8562.java:34)
... Removed 24 stack frames</div></td></tr></table><p class="totop"><a href="#summary">back to summary</a></p><h3 id="m26">com.automation.testcasedemo.LRS_WEB_8563_WEB_9057#verifyCancelCreateAccountOption</h3><table class="result"><tr><th>Exception</th></tr><tr><td><div class="stacktrace">java.lang.NullPointerException
	at com.google.common.base.Preconditions.checkNotNull(Preconditions.java:210)
	at org.openqa.selenium.support.ui.FluentWait.&lt;init&gt;(FluentWait.java:102)
	at org.openqa.selenium.support.ui.WebDriverWait.&lt;init&gt;(WebDriverWait.java:71)
	at org.openqa.selenium.support.ui.WebDriverWait.&lt;init&gt;(WebDriverWait.java:45)
	at com.selenium.common.SeleniumCommon.waitForElement(SeleniumCommon.java:43)
	at selenium.Element.getElement(Element.java:336)
	at selenium.Element.findElement(Element.java:276)
	at selenium.Element.loadElement(Element.java:61)
	at selenium.Element.click(Element.java:128)
	at applicationActions.AccountActions.verifyAccountPageOptions(AccountActions.java:239)
	at com.automation.testcasedemo.LRS_WEB_8563_WEB_9057.verifyCancelCreateAccountOption(LRS_WEB_8563_WEB_9057.java:41)
... Removed 24 stack frames</div></td></tr></table><p class="totop"><a href="#summary">back to summary</a></p><h3 id="m27">com.automation.testcasedemo.LRS_WEB_8690#verifyLocationSubMenu</h3><table class="result"><tr><th>Exception</th></tr><tr><td><div class="stacktrace">java.lang.NullPointerException
	at com.google.common.base.Preconditions.checkNotNull(Preconditions.java:210)
	at org.openqa.selenium.support.ui.FluentWait.&lt;init&gt;(FluentWait.java:102)
	at org.openqa.selenium.support.ui.WebDriverWait.&lt;init&gt;(WebDriverWait.java:71)
	at org.openqa.selenium.support.ui.WebDriverWait.&lt;init&gt;(WebDriverWait.java:45)
	at com.selenium.common.SeleniumCommon.waitForElement(SeleniumCommon.java:43)
	at selenium.Element.getElement(Element.java:336)
	at selenium.Element.findElement(Element.java:276)
	at selenium.Element.loadElement(Element.java:61)
	at selenium.Element.isDisplayed(Element.java:98)
	at applicationActions.AccountUserActions.verifySubMenuLocations(AccountUserActions.java:51)
	at com.automation.testcasedemo.LRS_WEB_8690.verifyLocationSubMenu(LRS_WEB_8690.java:49)
... Removed 24 stack frames</div></td></tr></table><p class="totop"><a href="#summary">back to summary</a></p><h3 id="m28">com.automation.testcasedemo.LRS_WEB_8690#verifyLoginIntoTheAccountAsSuperAdmin</h3><table class="result"><tr><th>Exception</th></tr><tr><td><div class="stacktrace">java.lang.NullPointerException
	at com.google.common.base.Preconditions.checkNotNull(Preconditions.java:210)
	at org.openqa.selenium.support.ui.FluentWait.&lt;init&gt;(FluentWait.java:102)
	at org.openqa.selenium.support.ui.WebDriverWait.&lt;init&gt;(WebDriverWait.java:71)
	at org.openqa.selenium.support.ui.WebDriverWait.&lt;init&gt;(WebDriverWait.java:45)
	at com.selenium.common.SeleniumCommon.waitForElement(SeleniumCommon.java:43)
	at selenium.Element.getElement(Element.java:336)
	at selenium.Element.findElement(Element.java:276)
	at selenium.Element.loadElement(Element.java:61)
	at selenium.Element.click(Element.java:128)
	at applicationActions.AccountActions.verifyViewAccountMenuOptions(AccountActions.java:67)
	at com.automation.testcasedemo.LRS_WEB_8690.verifyLoginIntoTheAccountAsSuperAdmin(LRS_WEB_8690.java:27)
... Removed 24 stack frames</div></td></tr></table><p class="totop"><a href="#summary">back to summary</a></p><h3 id="m29">com.automation.testcasedemo.LRS_WEB_8690#verifyReportsSubMenu</h3><table class="result"><tr><th>Exception</th></tr><tr><td><div class="stacktrace">java.lang.NullPointerException
	at com.google.common.base.Preconditions.checkNotNull(Preconditions.java:210)
	at org.openqa.selenium.support.ui.FluentWait.&lt;init&gt;(FluentWait.java:102)
	at org.openqa.selenium.support.ui.WebDriverWait.&lt;init&gt;(WebDriverWait.java:71)
	at org.openqa.selenium.support.ui.WebDriverWait.&lt;init&gt;(WebDriverWait.java:45)
	at com.selenium.common.SeleniumCommon.waitForElement(SeleniumCommon.java:43)
	at selenium.Element.getElement(Element.java:336)
	at selenium.Element.findElement(Element.java:276)
	at selenium.Element.loadElement(Element.java:61)
	at selenium.Element.isDisplayed(Element.java:98)
	at applicationActions.AccountUserActions.verifySubMenuReports(AccountUserActions.java:27)
	at com.automation.testcasedemo.LRS_WEB_8690.verifyReportsSubMenu(LRS_WEB_8690.java:41)
... Removed 24 stack frames</div></td></tr></table><p class="totop"><a href="#summary">back to summary</a></p><h3 id="m30">com.automation.testcasedemo.LRS_WEB_8690#verifySettingsSubMenu</h3><table class="result"><tr><th>Exception</th></tr><tr><td><div class="stacktrace">java.lang.NullPointerException
	at com.google.common.base.Preconditions.checkNotNull(Preconditions.java:210)
	at org.openqa.selenium.support.ui.FluentWait.&lt;init&gt;(FluentWait.java:102)
	at org.openqa.selenium.support.ui.WebDriverWait.&lt;init&gt;(WebDriverWait.java:71)
	at org.openqa.selenium.support.ui.WebDriverWait.&lt;init&gt;(WebDriverWait.java:45)
	at com.selenium.common.SeleniumCommon.waitForElement(SeleniumCommon.java:43)
	at selenium.Element.getElement(Element.java:336)
	at selenium.Element.findElement(Element.java:276)
	at selenium.Element.loadElement(Element.java:61)
	at selenium.Element.isDisplayed(Element.java:98)
	at applicationActions.AccountUserActions.verifySubMenuSettings(AccountUserActions.java:82)
	at com.automation.testcasedemo.LRS_WEB_8690.verifySettingsSubMenu(LRS_WEB_8690.java:66)
... Removed 24 stack frames</div></td></tr></table><p class="totop"><a href="#summary">back to summary</a></p><h3 id="m31">com.automation.testcasedemo.LRS_WEB_8690#verifySupportSubMenu</h3><table class="result"><tr><th>Exception</th></tr><tr><td><div class="stacktrace">java.lang.NullPointerException
	at com.google.common.base.Preconditions.checkNotNull(Preconditions.java:210)
	at org.openqa.selenium.support.ui.FluentWait.&lt;init&gt;(FluentWait.java:102)
	at org.openqa.selenium.support.ui.WebDriverWait.&lt;init&gt;(WebDriverWait.java:71)
	at org.openqa.selenium.support.ui.WebDriverWait.&lt;init&gt;(WebDriverWait.java:45)
	at com.selenium.common.SeleniumCommon.waitForElement(SeleniumCommon.java:43)
	at selenium.Element.getElement(Element.java:336)
	at selenium.Element.findElement(Element.java:276)
	at selenium.Element.loadElement(Element.java:61)
	at selenium.Element.isDisplayed(Element.java:98)
	at applicationActions.AccountUserActions.verifySubMenuSupport(AccountUserActions.java:72)
	at com.automation.testcasedemo.LRS_WEB_8690.verifySupportSubMenu(LRS_WEB_8690.java:75)
... Removed 24 stack frames</div></td></tr></table><p class="totop"><a href="#summary">back to summary</a></p><h3 id="m32">com.automation.testcasedemo.LRS_WEB_8690#verifyUsersSubMenu</h3><table class="result"><tr><th>Exception</th></tr><tr><td><div class="stacktrace">java.lang.NullPointerException
	at com.google.common.base.Preconditions.checkNotNull(Preconditions.java:210)
	at org.openqa.selenium.support.ui.FluentWait.&lt;init&gt;(FluentWait.java:102)
	at org.openqa.selenium.support.ui.WebDriverWait.&lt;init&gt;(WebDriverWait.java:71)
	at org.openqa.selenium.support.ui.WebDriverWait.&lt;init&gt;(WebDriverWait.java:45)
	at com.selenium.common.SeleniumCommon.waitForElement(SeleniumCommon.java:43)
	at selenium.Element.getElement(Element.java:336)
	at selenium.Element.findElement(Element.java:276)
	at selenium.Element.loadElement(Element.java:61)
	at selenium.Element.isDisplayed(Element.java:98)
	at applicationActions.AccountUserActions.verifySubMenuUsers(AccountUserActions.java:61)
	at com.automation.testcasedemo.LRS_WEB_8690.verifyUsersSubMenu(LRS_WEB_8690.java:57)
... Removed 24 stack frames</div></td></tr></table><p class="totop"><a href="#summary">back to summary</a></p><h3 id="m33">com.automation.testcasedemo.LRS_WEB_9192_SupportPage#verifySupportPageThroughSuperAdmin</h3><table class="result"><tr><th>Exception</th></tr><tr><td><div class="stacktrace">java.lang.NullPointerException
	at com.google.common.base.Preconditions.checkNotNull(Preconditions.java:210)
	at org.openqa.selenium.support.ui.FluentWait.&lt;init&gt;(FluentWait.java:102)
	at org.openqa.selenium.support.ui.WebDriverWait.&lt;init&gt;(WebDriverWait.java:71)
	at org.openqa.selenium.support.ui.WebDriverWait.&lt;init&gt;(WebDriverWait.java:45)
	at com.selenium.common.SeleniumCommon.waitForElement(SeleniumCommon.java:43)
	at selenium.Element.getElement(Element.java:336)
	at selenium.Element.findElement(Element.java:276)
	at selenium.Element.loadElement(Element.java:61)
	at selenium.Element.click(Element.java:128)
	at com.automation.testcasedemo.LRS_WEB_9192_SupportPage.verifySupportPageThroughSuperAdmin(LRS_WEB_9192_SupportPage.java:23)
... Removed 24 stack frames</div></td></tr></table><p class="totop"><a href="#summary">back to summary</a></p><h3 id="m34">com.automation.testcasedemo.LRS_WEB_9227#changeAccountOwner</h3><table class="result"><tr><th>Exception</th></tr><tr><td><div class="stacktrace">java.lang.NullPointerException
	at com.google.common.base.Preconditions.checkNotNull(Preconditions.java:210)
	at org.openqa.selenium.support.ui.FluentWait.&lt;init&gt;(FluentWait.java:102)
	at org.openqa.selenium.support.ui.WebDriverWait.&lt;init&gt;(WebDriverWait.java:71)
	at org.openqa.selenium.support.ui.WebDriverWait.&lt;init&gt;(WebDriverWait.java:45)
	at com.selenium.common.SeleniumCommon.waitForElement(SeleniumCommon.java:43)
	at selenium.Element.getElement(Element.java:336)
	at selenium.Element.findElement(Element.java:276)
	at selenium.Element.loadElement(Element.java:61)
	at selenium.Element.click(Element.java:128)
	at applicationActions.AccountActions.verifyViewAccountMenuOptions(AccountActions.java:67)
	at com.automation.testcasedemo.LRS_WEB_9227.changeAccountOwner(LRS_WEB_9227.java:39)
... Removed 24 stack frames</div></td></tr></table><p class="totop"><a href="#summary">back to summary</a></p><h3 id="m35">com.automation.testcasedemo.ForgetPassword#LoginAsSuperAdmin</h3><table class="result"><tr><th>Exception</th></tr><tr><td><div class="stacktrace">java.lang.Throwable: Method ForgetPassword.LoginAsSuperAdmin()[pri:0, instance:com.automation.testcasedemo.ForgetPassword@cd2dae5] depends on not successfully finished methods
... Removed 17 stack frames</div></td></tr></table><p class="totop"><a href="#summary">back to summary</a></p><h3 id="m36">com.automation.testcasedemo.LRS_WEB_1144_WEB_9058#verifyGatewayIsAdded</h3><table class="result"><tr><th>Exception</th></tr><tr><td><div class="stacktrace">java.lang.Throwable: Method LRS_WEB_1144_WEB_9058.verifyGatewayIsAdded()[pri:0, instance:com.automation.testcasedemo.LRS_WEB_1144_WEB_9058@578486a3] depends on not successfully finished methods
... Removed 17 stack frames</div></td></tr></table><p class="totop"><a href="#summary">back to summary</a></p><h3 id="m37">com.automation.testcasedemo.LRS_WEB_1144_WEB_9058#verifyLocationIsDeleted</h3><table class="result"><tr><th>Exception</th></tr><tr><td><div class="stacktrace">java.lang.Throwable: Method LRS_WEB_1144_WEB_9058.verifyLocationIsDeleted()[pri:0, instance:com.automation.testcasedemo.LRS_WEB_1144_WEB_9058@578486a3] depends on not successfully finished methods
... Removed 17 stack frames</div></td></tr></table><p class="totop"><a href="#summary">back to summary</a></p><h3 id="m38">com.automation.testcasedemo.LRS_WEB_1144_WEB_9058#verifyNotes</h3><table class="result"><tr><th>Exception</th></tr><tr><td><div class="stacktrace">java.lang.Throwable: Method LRS_WEB_1144_WEB_9058.verifyNotes()[pri:0, instance:com.automation.testcasedemo.LRS_WEB_1144_WEB_9058@578486a3] depends on not successfully finished methods
... Removed 17 stack frames</div></td></tr></table><p class="totop"><a href="#summary">back to summary</a></p><h3 id="m39">com.automation.testcasedemo.LRS_WEB_1144_WEB_9058#verifyTabletIsAdded</h3><table class="result"><tr><th>Exception</th></tr><tr><td><div class="stacktrace">java.lang.Throwable: Method LRS_WEB_1144_WEB_9058.verifyTabletIsAdded()[pri:0, instance:com.automation.testcasedemo.LRS_WEB_1144_WEB_9058@578486a3] depends on not successfully finished methods
... Removed 17 stack frames</div></td></tr></table><p class="totop"><a href="#summary">back to summary</a></p><h3 id="m40">com.automation.testcasedemo.LRS_WEB_8549#login</h3><table class="result"></table><p class="totop"><a href="#summary">back to summary</a></p><h3 id="m41">com.automation.testcasedemo.LRS_WEB_8554#verifyCreateUserAsCustomerSupportWithGlobal</h3><table class="result"><tr><th>Exception</th></tr><tr><td><div class="stacktrace">java.lang.Throwable: Method LRS_WEB_8554.verifyCreateUserAsCustomerSupportWithGlobal()[pri:0, instance:com.automation.testcasedemo.LRS_WEB_8554@2b552920] depends on not successfully finished methods
... Removed 17 stack frames</div></td></tr></table><p class="totop"><a href="#summary">back to summary</a></p><h3 id="m42">com.automation.testcasedemo.LRS_WEB_8554#verifyCreateUserAsSalesSupportWithGlobal</h3><table class="result"><tr><th>Exception</th></tr><tr><td><div class="stacktrace">java.lang.Throwable: Method LRS_WEB_8554.verifyCreateUserAsSalesSupportWithGlobal()[pri:0, instance:com.automation.testcasedemo.LRS_WEB_8554@2b552920] depends on not successfully finished methods
... Removed 17 stack frames</div></td></tr></table><p class="totop"><a href="#summary">back to summary</a></p><h3 id="m43">com.automation.testcasedemo.LRS_WEB_8554#verifyViewAllUser</h3><table class="result"><tr><th>Exception</th></tr><tr><td><div class="stacktrace">java.lang.Throwable: Method LRS_WEB_8554.verifyViewAllUser()[pri:0, instance:com.automation.testcasedemo.LRS_WEB_8554@2b552920] depends on not successfully finished methods
... Removed 17 stack frames</div></td></tr></table><p class="totop"><a href="#summary">back to summary</a></p><h3 id="m44">com.automation.testcasedemo.LRS_WEB_8563_WEB_9057#addGroupInAccount</h3><table class="result"><tr><th>Exception</th></tr><tr><td><div class="stacktrace">java.lang.Throwable: Method LRS_WEB_8563_WEB_9057.addGroupInAccount()[pri:0, instance:com.automation.testcasedemo.LRS_WEB_8563_WEB_9057@2758fe70] depends on not successfully finished methods
... Removed 17 stack frames</div></td></tr></table><p class="totop"><a href="#summary">back to summary</a></p><h3 id="m45">com.automation.testcasedemo.LRS_WEB_8563_WEB_9057#verifySaveCreateAccountOption</h3><table class="result"><tr><th>Exception</th></tr><tr><td><div class="stacktrace">java.lang.Throwable: Method LRS_WEB_8563_WEB_9057.verifySaveCreateAccountOption()[pri:0, instance:com.automation.testcasedemo.LRS_WEB_8563_WEB_9057@2758fe70] depends on not successfully finished methods
... Removed 17 stack frames</div></td></tr></table><p class="totop"><a href="#summary">back to summary</a></p><h3 id="m46">com.automation.testcasedemo.LRS_WEB_1144_WEB_9058#verifyLoginIntoTheAccountAsSuperAdmin</h3><table class="result"></table><p class="totop"><a href="#summary">back to summary</a></p><h3 id="m47">com.automation.testcasedemo.LRS_WEB_8690#switchBack</h3><table class="result"></table><p class="totop"><a href="#summary">back to summary</a></p></body></html>