<?xml version="1.0" encoding="UTF-8"?>
<!-- Generated by org.testng.reporters.JUnitReportReporter -->
<testsuite hostname="ULTP_434" name="com.automation.testcasedemo.LRS_WEB_1144_WEB_9058" tests="7" failures="6" timestamp="3 Sep 2018 13:00:44 GMT" time="734.197" errors="0">
  <testcase name="verifyLoginIntoTheAccountAsSuperAdmin" time="0.000" classname="com.automation.testcasedemo.LRS_WEB_1144_WEB_9058"/>
  <testcase name="verifyNotes" time="0.000" classname="com.automation.testcasedemo.LRS_WEB_1144_WEB_9058">
    <failure type="java.lang.Throwable" message="Method LRS_WEB_1144_WEB_9058.verifyNotes()[pri:0, instance:com.automation.testcasedemo.LRS_WEB_1144_WEB_9058@28d25987] depends on not successfully finished methods">
      <![CDATA[java.lang.Throwable: Method LRS_WEB_1144_WEB_9058.verifyNotes()[pri:0, instance:com.automation.testcasedemo.LRS_WEB_1144_WEB_9058@28d25987] depends on not successfully finished methods
	at org.testng.internal.Invoker.invokeTestMethods(Invoker.java:1099)
	at org.testng.internal.TestMethodWorker.invokeTestMethods(TestMethodWorker.java:124)
	at org.testng.internal.TestMethodWorker.run(TestMethodWorker.java:108)
	at org.testng.TestRunner.privateRun(TestRunner.java:767)
	at org.testng.TestRunner.run(TestRunner.java:617)
	at org.testng.SuiteRunner.runTest(SuiteRunner.java:348)
	at org.testng.SuiteRunner.runSequentially(SuiteRunner.java:343)
	at org.testng.SuiteRunner.privateRun(SuiteRunner.java:305)
	at org.testng.SuiteRunner.run(SuiteRunner.java:254)
	at org.testng.SuiteRunnerWorker.runSuite(SuiteRunnerWorker.java:52)
	at org.testng.SuiteRunnerWorker.run(SuiteRunnerWorker.java:86)
	at org.testng.TestNG.runSuitesSequentially(TestNG.java:1224)
	at org.testng.TestNG.runSuitesLocally(TestNG.java:1149)
	at org.testng.TestNG.run(TestNG.java:1057)
	at org.apache.maven.surefire.testng.TestNGExecutor.run(TestNGExecutor.java:293)
	at org.apache.maven.surefire.testng.TestNGXmlTestSuite.execute(TestNGXmlTestSuite.java:84)
	at org.apache.maven.surefire.testng.TestNGProvider.invoke(TestNGProvider.java:91)
	at org.apache.maven.surefire.booter.ForkedBooter.invokeProviderInSameClassLoader(ForkedBooter.java:200)
	at org.apache.maven.surefire.booter.ForkedBooter.runSuitesInProcess(ForkedBooter.java:153)
	at org.apache.maven.surefire.booter.ForkedBooter.main(ForkedBooter.java:103)
]]>
    </failure>
  </testcase> <!-- verifyNotes -->
  <testcase name="verifyTabletIsAdded" time="0.000" classname="com.automation.testcasedemo.LRS_WEB_1144_WEB_9058">
    <failure type="java.lang.Throwable" message="Method LRS_WEB_1144_WEB_9058.verifyTabletIsAdded()[pri:0, instance:com.automation.testcasedemo.LRS_WEB_1144_WEB_9058@28d25987] depends on not successfully finished methods">
      <![CDATA[java.lang.Throwable: Method LRS_WEB_1144_WEB_9058.verifyTabletIsAdded()[pri:0, instance:com.automation.testcasedemo.LRS_WEB_1144_WEB_9058@28d25987] depends on not successfully finished methods
	at org.testng.internal.Invoker.invokeTestMethods(Invoker.java:1099)
	at org.testng.internal.TestMethodWorker.invokeTestMethods(TestMethodWorker.java:124)
	at org.testng.internal.TestMethodWorker.run(TestMethodWorker.java:108)
	at org.testng.TestRunner.privateRun(TestRunner.java:767)
	at org.testng.TestRunner.run(TestRunner.java:617)
	at org.testng.SuiteRunner.runTest(SuiteRunner.java:348)
	at org.testng.SuiteRunner.runSequentially(SuiteRunner.java:343)
	at org.testng.SuiteRunner.privateRun(SuiteRunner.java:305)
	at org.testng.SuiteRunner.run(SuiteRunner.java:254)
	at org.testng.SuiteRunnerWorker.runSuite(SuiteRunnerWorker.java:52)
	at org.testng.SuiteRunnerWorker.run(SuiteRunnerWorker.java:86)
	at org.testng.TestNG.runSuitesSequentially(TestNG.java:1224)
	at org.testng.TestNG.runSuitesLocally(TestNG.java:1149)
	at org.testng.TestNG.run(TestNG.java:1057)
	at org.apache.maven.surefire.testng.TestNGExecutor.run(TestNGExecutor.java:293)
	at org.apache.maven.surefire.testng.TestNGXmlTestSuite.execute(TestNGXmlTestSuite.java:84)
	at org.apache.maven.surefire.testng.TestNGProvider.invoke(TestNGProvider.java:91)
	at org.apache.maven.surefire.booter.ForkedBooter.invokeProviderInSameClassLoader(ForkedBooter.java:200)
	at org.apache.maven.surefire.booter.ForkedBooter.runSuitesInProcess(ForkedBooter.java:153)
	at org.apache.maven.surefire.booter.ForkedBooter.main(ForkedBooter.java:103)
]]>
    </failure>
  </testcase> <!-- verifyTabletIsAdded -->
  <testcase name="verifyLocationIsAdded" time="367.044" classname="com.automation.testcasedemo.LRS_WEB_1144_WEB_9058">
    <failure type="org.openqa.selenium.TimeoutException" message="Expected condition failed: waiting for element to be clickable: By.xpath: //a[@id=&#039;home-trigger&#039;] (tried for 300 second(s) with 500 MILLISECONDS interval)
Build info: version: &#039;3.0.1&#039;, revision: &#039;1969d75&#039;, time: &#039;2016-10-18 09:49:13 -0700&#039;
System info: host: &#039;ULTP_434&#039;, ip: &#039;192.168.56.1&#039;, os.name: &#039;Windows 10&#039;, os.arch: &#039;amd64&#039;, os.version: &#039;10.0&#039;, java.version: &#039;1.8.0_171&#039;
Driver info: org.openqa.selenium.phantomjs.PhantomJSDriver
Capabilities [{applicationCacheEnabled=false, rotatable=false, handlesAlerts=false, databaseEnabled=false, version=2.1.1, platform=XP, browserConnectionEnabled=false, proxy={proxyType=direct}, nativeEvents=true, acceptSslCerts=false, driverVersion=1.2.0, locationContextEnabled=false, webStorageEnabled=false, browserName=phantomjs, takesScreenshot=true, driverName=ghostdriver, javascriptEnabled=true, cssSelectorsEnabled=true}]
Session ID: d2631bd0-af5d-11e8-a0d2-dfd5d32473d2">
      <![CDATA[org.openqa.selenium.TimeoutException: Expected condition failed: waiting for element to be clickable: By.xpath: //a[@id='home-trigger'] (tried for 300 second(s) with 500 MILLISECONDS interval)
Build info: version: '3.0.1', revision: '1969d75', time: '2016-10-18 09:49:13 -0700'
System info: host: 'ULTP_434', ip: '192.168.56.1', os.name: 'Windows 10', os.arch: 'amd64', os.version: '10.0', java.version: '1.8.0_171'
Driver info: org.openqa.selenium.phantomjs.PhantomJSDriver
Capabilities [{applicationCacheEnabled=false, rotatable=false, handlesAlerts=false, databaseEnabled=false, version=2.1.1, platform=XP, browserConnectionEnabled=false, proxy={proxyType=direct}, nativeEvents=true, acceptSslCerts=false, driverVersion=1.2.0, locationContextEnabled=false, webStorageEnabled=false, browserName=phantomjs, takesScreenshot=true, driverName=ghostdriver, javascriptEnabled=true, cssSelectorsEnabled=true}]
Session ID: d2631bd0-af5d-11e8-a0d2-dfd5d32473d2
	at org.openqa.selenium.support.ui.WebDriverWait.timeoutException(WebDriverWait.java:80)
	at org.openqa.selenium.support.ui.FluentWait.until(FluentWait.java:265)
	at selenium.Element.getElement(Element.java:338)
	at selenium.Element.findElement(Element.java:276)
	at selenium.Element.loadElement(Element.java:61)
	at selenium.Element.isDisplayed(Element.java:98)
	at applicationActions.AccountUserActions.verifySubMenuLocations(AccountUserActions.java:51)
	at com.automation.testcasedemo.LRS_WEB_1144_WEB_9058.verifyLocationIsAdded(LRS_WEB_1144_WEB_9058.java:74)
	at sun.reflect.NativeMethodAccessorImpl.invoke0(Native Method)
	at sun.reflect.NativeMethodAccessorImpl.invoke(NativeMethodAccessorImpl.java:62)
	at sun.reflect.DelegatingMethodAccessorImpl.invoke(DelegatingMethodAccessorImpl.java:43)
	at java.lang.reflect.Method.invoke(Method.java:498)
	at org.testng.internal.MethodInvocationHelper.invokeMethod(MethodInvocationHelper.java:85)
	at org.testng.internal.Invoker.invokeMethod(Invoker.java:696)
	at org.testng.internal.Invoker.invokeTestMethod(Invoker.java:882)
	at org.testng.internal.Invoker.invokeTestMethods(Invoker.java:1189)
	at org.testng.internal.TestMethodWorker.invokeTestMethods(TestMethodWorker.java:124)
	at org.testng.internal.TestMethodWorker.run(TestMethodWorker.java:108)
	at org.testng.TestRunner.privateRun(TestRunner.java:767)
	at org.testng.TestRunner.run(TestRunner.java:617)
	at org.testng.SuiteRunner.runTest(SuiteRunner.java:348)
	at org.testng.SuiteRunner.runSequentially(SuiteRunner.java:343)
	at org.testng.SuiteRunner.privateRun(SuiteRunner.java:305)
	at org.testng.SuiteRunner.run(SuiteRunner.java:254)
	at org.testng.SuiteRunnerWorker.runSuite(SuiteRunnerWorker.java:52)
	at org.testng.SuiteRunnerWorker.run(SuiteRunnerWorker.java:86)
	at org.testng.TestNG.runSuitesSequentially(TestNG.java:1224)
	at org.testng.TestNG.runSuitesLocally(TestNG.java:1149)
	at org.testng.TestNG.run(TestNG.java:1057)
	at org.apache.maven.surefire.testng.TestNGExecutor.run(TestNGExecutor.java:293)
	at org.apache.maven.surefire.testng.TestNGXmlTestSuite.execute(TestNGXmlTestSuite.java:84)
	at org.apache.maven.surefire.testng.TestNGProvider.invoke(TestNGProvider.java:91)
	at org.apache.maven.surefire.booter.ForkedBooter.invokeProviderInSameClassLoader(ForkedBooter.java:200)
	at org.apache.maven.surefire.booter.ForkedBooter.runSuitesInProcess(ForkedBooter.java:153)
	at org.apache.maven.surefire.booter.ForkedBooter.main(ForkedBooter.java:103)
Caused by: org.openqa.selenium.NoSuchElementException: {"errorMessage":"Unable to find element with xpath '//a[@id='home-trigger']'","request":{"headers":{"Accept-Encoding":"gzip,deflate","Connection":"Keep-Alive","Content-Length":"51","Content-Type":"application/json; charset=utf-8","Host":"localhost:12888","User-Agent":"Apache-HttpClient/4.5.2 (Java/1.8.0_171)"},"httpVersion":"1.1","method":"POST","post":"{\"using\":\"xpath\",\"value\":\"//a[@id='home-trigger']\"}","url":"/element","urlParsed":{"anchor":"","query":"","file":"element","directory":"/","path":"/element","relative":"/element","port":"","host":"","password":"","user":"","userInfo":"","authority":"","protocol":"","source":"/element","queryKey":{},"chunks":["element"]},"urlOriginal":"/session/d2631bd0-af5d-11e8-a0d2-dfd5d32473d2/element"}}
Command duration or timeout: 120.25 seconds
For documentation on this error, please visit: http://seleniumhq.org/exceptions/no_such_element.html
Build info: version: '3.0.1', revision: '1969d75', time: '2016-10-18 09:49:13 -0700'
System info: host: 'ULTP_434', ip: '192.168.56.1', os.name: 'Windows 10', os.arch: 'amd64', os.version: '10.0', java.version: '1.8.0_171'
Driver info: org.openqa.selenium.phantomjs.PhantomJSDriver
Capabilities [{applicationCacheEnabled=false, rotatable=false, handlesAlerts=false, databaseEnabled=false, version=2.1.1, platform=XP, browserConnectionEnabled=false, proxy={proxyType=direct}, nativeEvents=true, acceptSslCerts=false, driverVersion=1.2.0, locationContextEnabled=false, webStorageEnabled=false, browserName=phantomjs, takesScreenshot=true, driverName=ghostdriver, javascriptEnabled=true, cssSelectorsEnabled=true}]
Session ID: d2631bd0-af5d-11e8-a0d2-dfd5d32473d2
*** Element info: {Using=xpath, value=//a[@id='home-trigger']}
	at sun.reflect.GeneratedConstructorAccessor12.newInstance(Unknown Source)
	at sun.reflect.DelegatingConstructorAccessorImpl.newInstance(DelegatingConstructorAccessorImpl.java:45)
	at java.lang.reflect.Constructor.newInstance(Constructor.java:423)
	at org.openqa.selenium.remote.ErrorHandler.createThrowable(ErrorHandler.java:216)
	at org.openqa.selenium.remote.ErrorHandler.throwIfResponseFailed(ErrorHandler.java:168)
	at org.openqa.selenium.remote.RemoteWebDriver.execute(RemoteWebDriver.java:635)
	at org.openqa.selenium.remote.RemoteWebDriver.findElement(RemoteWebDriver.java:368)
	at org.openqa.selenium.remote.RemoteWebDriver.findElementByXPath(RemoteWebDriver.java:473)
	at org.openqa.selenium.By$ByXPath.findElement(By.java:361)
	at org.openqa.selenium.remote.RemoteWebDriver.findElement(RemoteWebDriver.java:360)
	at org.openqa.selenium.support.ui.ExpectedConditions.findElement(ExpectedConditions.java:895)
	at org.openqa.selenium.support.ui.ExpectedConditions.access$000(ExpectedConditions.java:41)
	at org.openqa.selenium.support.ui.ExpectedConditions$7.apply(ExpectedConditions.java:205)
	at org.openqa.selenium.support.ui.ExpectedConditions$7.apply(ExpectedConditions.java:201)
	at org.openqa.selenium.support.ui.ExpectedConditions$22.apply(ExpectedConditions.java:651)
	at org.openqa.selenium.support.ui.ExpectedConditions$22.apply(ExpectedConditions.java:644)
	at org.openqa.selenium.support.ui.FluentWait.until(FluentWait.java:238)
	... 33 more
Caused by: org.openqa.selenium.remote.ScreenshotException: Screen shot has been taken
Build info: version: '3.0.1', revision: '1969d75', time: '2016-10-18 09:49:13 -0700'
System info: host: 'ULTP_434', ip: '192.168.56.1', os.name: 'Windows 10', os.arch: 'amd64', os.version: '10.0', java.version: '1.8.0_171'
Driver info: driver.version: RemoteWebDriver
	at org.openqa.selenium.remote.ErrorHandler.throwIfResponseFailed(ErrorHandler.java:142)
	... 45 more
Caused by: org.openqa.selenium.NoSuchElementException: {"errorMessage":"Unable to find element with xpath '//a[@id='home-trigger']'","request":{"headers":{"Accept-Encoding":"gzip,deflate","Connection":"Keep-Alive","Content-Length":"51","Content-Type":"application/json; charset=utf-8","Host":"localhost:12888","User-Agent":"Apache-HttpClient/4.5.2 (Java/1.8.0_171)"},"httpVersion":"1.1","method":"POST","post":"{\"using\":\"xpath\",\"value\":\"//a[@id='home-trigger']\"}","url":"/element","urlParsed":{"anchor":"","query":"","file":"element","directory":"/","path":"/element","relative":"/element","port":"","host":"","password":"","user":"","userInfo":"","authority":"","protocol":"","source":"/element","queryKey":{},"chunks":["element"]},"urlOriginal":"/session/d2631bd0-af5d-11e8-a0d2-dfd5d32473d2/element"}}
For documentation on this error, please visit: http://seleniumhq.org/exceptions/no_such_element.html
Build info: version: '3.0.1', revision: '1969d75', time: '2016-10-18 09:49:13 -0700'
System info: host: 'ULTP_434', ip: '192.168.56.1', os.name: 'Windows 10', os.arch: 'amd64', os.version: '10.0', java.version: '1.8.0_171'
Driver info: driver.version: unknown
]]>
    </failure>
  </testcase> <!-- verifyLocationIsAdded -->
  <testcase name="switchBack" time="367.153" classname="com.automation.testcasedemo.LRS_WEB_1144_WEB_9058">
    <failure type="org.openqa.selenium.TimeoutException" message="Expected condition failed: waiting for element to be clickable: By.xpath: //li[@id=&#039;main-menu-right&#039;]/a (tried for 300 second(s) with 500 MILLISECONDS interval)
Build info: version: &#039;3.0.1&#039;, revision: &#039;1969d75&#039;, time: &#039;2016-10-18 09:49:13 -0700&#039;
System info: host: &#039;ULTP_434&#039;, ip: &#039;192.168.56.1&#039;, os.name: &#039;Windows 10&#039;, os.arch: &#039;amd64&#039;, os.version: &#039;10.0&#039;, java.version: &#039;1.8.0_171&#039;
Driver info: org.openqa.selenium.phantomjs.PhantomJSDriver
Capabilities [{applicationCacheEnabled=false, rotatable=false, handlesAlerts=false, databaseEnabled=false, version=2.1.1, platform=XP, browserConnectionEnabled=false, proxy={proxyType=direct}, nativeEvents=true, acceptSslCerts=false, driverVersion=1.2.0, locationContextEnabled=false, webStorageEnabled=false, browserName=phantomjs, takesScreenshot=true, driverName=ghostdriver, javascriptEnabled=true, cssSelectorsEnabled=true}]
Session ID: d2631bd0-af5d-11e8-a0d2-dfd5d32473d2">
      <![CDATA[org.openqa.selenium.TimeoutException: Expected condition failed: waiting for element to be clickable: By.xpath: //li[@id='main-menu-right']/a (tried for 300 second(s) with 500 MILLISECONDS interval)
Build info: version: '3.0.1', revision: '1969d75', time: '2016-10-18 09:49:13 -0700'
System info: host: 'ULTP_434', ip: '192.168.56.1', os.name: 'Windows 10', os.arch: 'amd64', os.version: '10.0', java.version: '1.8.0_171'
Driver info: org.openqa.selenium.phantomjs.PhantomJSDriver
Capabilities [{applicationCacheEnabled=false, rotatable=false, handlesAlerts=false, databaseEnabled=false, version=2.1.1, platform=XP, browserConnectionEnabled=false, proxy={proxyType=direct}, nativeEvents=true, acceptSslCerts=false, driverVersion=1.2.0, locationContextEnabled=false, webStorageEnabled=false, browserName=phantomjs, takesScreenshot=true, driverName=ghostdriver, javascriptEnabled=true, cssSelectorsEnabled=true}]
Session ID: d2631bd0-af5d-11e8-a0d2-dfd5d32473d2
	at org.openqa.selenium.support.ui.WebDriverWait.timeoutException(WebDriverWait.java:80)
	at org.openqa.selenium.support.ui.FluentWait.until(FluentWait.java:265)
	at selenium.Element.getElement(Element.java:338)
	at selenium.Element.findElement(Element.java:276)
	at selenium.Element.loadElement(Element.java:61)
	at selenium.Element.isDisplayed(Element.java:98)
	at applicationActions.AccountUserActions.switchback(AccountUserActions.java:95)
	at com.automation.testcasedemo.LRS_WEB_1144_WEB_9058.switchBack(LRS_WEB_1144_WEB_9058.java:144)
	at sun.reflect.NativeMethodAccessorImpl.invoke0(Native Method)
	at sun.reflect.NativeMethodAccessorImpl.invoke(NativeMethodAccessorImpl.java:62)
	at sun.reflect.DelegatingMethodAccessorImpl.invoke(DelegatingMethodAccessorImpl.java:43)
	at java.lang.reflect.Method.invoke(Method.java:498)
	at org.testng.internal.MethodInvocationHelper.invokeMethod(MethodInvocationHelper.java:85)
	at org.testng.internal.Invoker.invokeMethod(Invoker.java:696)
	at org.testng.internal.Invoker.invokeTestMethod(Invoker.java:882)
	at org.testng.internal.Invoker.invokeTestMethods(Invoker.java:1189)
	at org.testng.internal.TestMethodWorker.invokeTestMethods(TestMethodWorker.java:124)
	at org.testng.internal.TestMethodWorker.run(TestMethodWorker.java:108)
	at org.testng.TestRunner.privateRun(TestRunner.java:767)
	at org.testng.TestRunner.run(TestRunner.java:617)
	at org.testng.SuiteRunner.runTest(SuiteRunner.java:348)
	at org.testng.SuiteRunner.runSequentially(SuiteRunner.java:343)
	at org.testng.SuiteRunner.privateRun(SuiteRunner.java:305)
	at org.testng.SuiteRunner.run(SuiteRunner.java:254)
	at org.testng.SuiteRunnerWorker.runSuite(SuiteRunnerWorker.java:52)
	at org.testng.SuiteRunnerWorker.run(SuiteRunnerWorker.java:86)
	at org.testng.TestNG.runSuitesSequentially(TestNG.java:1224)
	at org.testng.TestNG.runSuitesLocally(TestNG.java:1149)
	at org.testng.TestNG.run(TestNG.java:1057)
	at org.apache.maven.surefire.testng.TestNGExecutor.run(TestNGExecutor.java:293)
	at org.apache.maven.surefire.testng.TestNGXmlTestSuite.execute(TestNGXmlTestSuite.java:84)
	at org.apache.maven.surefire.testng.TestNGProvider.invoke(TestNGProvider.java:91)
	at org.apache.maven.surefire.booter.ForkedBooter.invokeProviderInSameClassLoader(ForkedBooter.java:200)
	at org.apache.maven.surefire.booter.ForkedBooter.runSuitesInProcess(ForkedBooter.java:153)
	at org.apache.maven.surefire.booter.ForkedBooter.main(ForkedBooter.java:103)
Caused by: org.openqa.selenium.NoSuchElementException: {"errorMessage":"Unable to find element with xpath '//li[@id='main-menu-right']/a'","request":{"headers":{"Accept-Encoding":"gzip,deflate","Connection":"Keep-Alive","Content-Length":"57","Content-Type":"application/json; charset=utf-8","Host":"localhost:12888","User-Agent":"Apache-HttpClient/4.5.2 (Java/1.8.0_171)"},"httpVersion":"1.1","method":"POST","post":"{\"using\":\"xpath\",\"value\":\"//li[@id='main-menu-right']/a\"}","url":"/element","urlParsed":{"anchor":"","query":"","file":"element","directory":"/","path":"/element","relative":"/element","port":"","host":"","password":"","user":"","userInfo":"","authority":"","protocol":"","source":"/element","queryKey":{},"chunks":["element"]},"urlOriginal":"/session/d2631bd0-af5d-11e8-a0d2-dfd5d32473d2/element"}}
Command duration or timeout: 120.30 seconds
For documentation on this error, please visit: http://seleniumhq.org/exceptions/no_such_element.html
Build info: version: '3.0.1', revision: '1969d75', time: '2016-10-18 09:49:13 -0700'
System info: host: 'ULTP_434', ip: '192.168.56.1', os.name: 'Windows 10', os.arch: 'amd64', os.version: '10.0', java.version: '1.8.0_171'
Driver info: org.openqa.selenium.phantomjs.PhantomJSDriver
Capabilities [{applicationCacheEnabled=false, rotatable=false, handlesAlerts=false, databaseEnabled=false, version=2.1.1, platform=XP, browserConnectionEnabled=false, proxy={proxyType=direct}, nativeEvents=true, acceptSslCerts=false, driverVersion=1.2.0, locationContextEnabled=false, webStorageEnabled=false, browserName=phantomjs, takesScreenshot=true, driverName=ghostdriver, javascriptEnabled=true, cssSelectorsEnabled=true}]
Session ID: d2631bd0-af5d-11e8-a0d2-dfd5d32473d2
*** Element info: {Using=xpath, value=//li[@id='main-menu-right']/a}
	at sun.reflect.GeneratedConstructorAccessor12.newInstance(Unknown Source)
	at sun.reflect.DelegatingConstructorAccessorImpl.newInstance(DelegatingConstructorAccessorImpl.java:45)
	at java.lang.reflect.Constructor.newInstance(Constructor.java:423)
	at org.openqa.selenium.remote.ErrorHandler.createThrowable(ErrorHandler.java:216)
	at org.openqa.selenium.remote.ErrorHandler.throwIfResponseFailed(ErrorHandler.java:168)
	at org.openqa.selenium.remote.RemoteWebDriver.execute(RemoteWebDriver.java:635)
	at org.openqa.selenium.remote.RemoteWebDriver.findElement(RemoteWebDriver.java:368)
	at org.openqa.selenium.remote.RemoteWebDriver.findElementByXPath(RemoteWebDriver.java:473)
	at org.openqa.selenium.By$ByXPath.findElement(By.java:361)
	at org.openqa.selenium.remote.RemoteWebDriver.findElement(RemoteWebDriver.java:360)
	at org.openqa.selenium.support.ui.ExpectedConditions.findElement(ExpectedConditions.java:895)
	at org.openqa.selenium.support.ui.ExpectedConditions.access$000(ExpectedConditions.java:41)
	at org.openqa.selenium.support.ui.ExpectedConditions$7.apply(ExpectedConditions.java:205)
	at org.openqa.selenium.support.ui.ExpectedConditions$7.apply(ExpectedConditions.java:201)
	at org.openqa.selenium.support.ui.ExpectedConditions$22.apply(ExpectedConditions.java:651)
	at org.openqa.selenium.support.ui.ExpectedConditions$22.apply(ExpectedConditions.java:644)
	at org.openqa.selenium.support.ui.FluentWait.until(FluentWait.java:238)
	... 33 more
Caused by: org.openqa.selenium.remote.ScreenshotException: Screen shot has been taken
Build info: version: '3.0.1', revision: '1969d75', time: '2016-10-18 09:49:13 -0700'
System info: host: 'ULTP_434', ip: '192.168.56.1', os.name: 'Windows 10', os.arch: 'amd64', os.version: '10.0', java.version: '1.8.0_171'
Driver info: driver.version: RemoteWebDriver
	at org.openqa.selenium.remote.ErrorHandler.throwIfResponseFailed(ErrorHandler.java:142)
	... 45 more
Caused by: org.openqa.selenium.NoSuchElementException: {"errorMessage":"Unable to find element with xpath '//li[@id='main-menu-right']/a'","request":{"headers":{"Accept-Encoding":"gzip,deflate","Connection":"Keep-Alive","Content-Length":"57","Content-Type":"application/json; charset=utf-8","Host":"localhost:12888","User-Agent":"Apache-HttpClient/4.5.2 (Java/1.8.0_171)"},"httpVersion":"1.1","method":"POST","post":"{\"using\":\"xpath\",\"value\":\"//li[@id='main-menu-right']/a\"}","url":"/element","urlParsed":{"anchor":"","query":"","file":"element","directory":"/","path":"/element","relative":"/element","port":"","host":"","password":"","user":"","userInfo":"","authority":"","protocol":"","source":"/element","queryKey":{},"chunks":["element"]},"urlOriginal":"/session/d2631bd0-af5d-11e8-a0d2-dfd5d32473d2/element"}}
For documentation on this error, please visit: http://seleniumhq.org/exceptions/no_such_element.html
Build info: version: '3.0.1', revision: '1969d75', time: '2016-10-18 09:49:13 -0700'
System info: host: 'ULTP_434', ip: '192.168.56.1', os.name: 'Windows 10', os.arch: 'amd64', os.version: '10.0', java.version: '1.8.0_171'
Driver info: driver.version: unknown
]]>
    </failure>
  </testcase> <!-- switchBack -->
  <testcase name="verifyGatewayIsAdded" time="0.000" classname="com.automation.testcasedemo.LRS_WEB_1144_WEB_9058">
    <failure type="java.lang.Throwable" message="Method LRS_WEB_1144_WEB_9058.verifyGatewayIsAdded()[pri:0, instance:com.automation.testcasedemo.LRS_WEB_1144_WEB_9058@28d25987] depends on not successfully finished methods">
      <![CDATA[java.lang.Throwable: Method LRS_WEB_1144_WEB_9058.verifyGatewayIsAdded()[pri:0, instance:com.automation.testcasedemo.LRS_WEB_1144_WEB_9058@28d25987] depends on not successfully finished methods
	at org.testng.internal.Invoker.invokeTestMethods(Invoker.java:1099)
	at org.testng.internal.TestMethodWorker.invokeTestMethods(TestMethodWorker.java:124)
	at org.testng.internal.TestMethodWorker.run(TestMethodWorker.java:108)
	at org.testng.TestRunner.privateRun(TestRunner.java:767)
	at org.testng.TestRunner.run(TestRunner.java:617)
	at org.testng.SuiteRunner.runTest(SuiteRunner.java:348)
	at org.testng.SuiteRunner.runSequentially(SuiteRunner.java:343)
	at org.testng.SuiteRunner.privateRun(SuiteRunner.java:305)
	at org.testng.SuiteRunner.run(SuiteRunner.java:254)
	at org.testng.SuiteRunnerWorker.runSuite(SuiteRunnerWorker.java:52)
	at org.testng.SuiteRunnerWorker.run(SuiteRunnerWorker.java:86)
	at org.testng.TestNG.runSuitesSequentially(TestNG.java:1224)
	at org.testng.TestNG.runSuitesLocally(TestNG.java:1149)
	at org.testng.TestNG.run(TestNG.java:1057)
	at org.apache.maven.surefire.testng.TestNGExecutor.run(TestNGExecutor.java:293)
	at org.apache.maven.surefire.testng.TestNGXmlTestSuite.execute(TestNGXmlTestSuite.java:84)
	at org.apache.maven.surefire.testng.TestNGProvider.invoke(TestNGProvider.java:91)
	at org.apache.maven.surefire.booter.ForkedBooter.invokeProviderInSameClassLoader(ForkedBooter.java:200)
	at org.apache.maven.surefire.booter.ForkedBooter.runSuitesInProcess(ForkedBooter.java:153)
	at org.apache.maven.surefire.booter.ForkedBooter.main(ForkedBooter.java:103)
]]>
    </failure>
  </testcase> <!-- verifyGatewayIsAdded -->
  <testcase name="verifyLocationIsDeleted" time="0.000" classname="com.automation.testcasedemo.LRS_WEB_1144_WEB_9058">
    <failure type="java.lang.Throwable" message="Method LRS_WEB_1144_WEB_9058.verifyLocationIsDeleted()[pri:0, instance:com.automation.testcasedemo.LRS_WEB_1144_WEB_9058@28d25987] depends on not successfully finished methods">
      <![CDATA[java.lang.Throwable: Method LRS_WEB_1144_WEB_9058.verifyLocationIsDeleted()[pri:0, instance:com.automation.testcasedemo.LRS_WEB_1144_WEB_9058@28d25987] depends on not successfully finished methods
	at org.testng.internal.Invoker.invokeTestMethods(Invoker.java:1099)
	at org.testng.internal.TestMethodWorker.invokeTestMethods(TestMethodWorker.java:124)
	at org.testng.internal.TestMethodWorker.run(TestMethodWorker.java:108)
	at org.testng.TestRunner.privateRun(TestRunner.java:767)
	at org.testng.TestRunner.run(TestRunner.java:617)
	at org.testng.SuiteRunner.runTest(SuiteRunner.java:348)
	at org.testng.SuiteRunner.runSequentially(SuiteRunner.java:343)
	at org.testng.SuiteRunner.privateRun(SuiteRunner.java:305)
	at org.testng.SuiteRunner.run(SuiteRunner.java:254)
	at org.testng.SuiteRunnerWorker.runSuite(SuiteRunnerWorker.java:52)
	at org.testng.SuiteRunnerWorker.run(SuiteRunnerWorker.java:86)
	at org.testng.TestNG.runSuitesSequentially(TestNG.java:1224)
	at org.testng.TestNG.runSuitesLocally(TestNG.java:1149)
	at org.testng.TestNG.run(TestNG.java:1057)
	at org.apache.maven.surefire.testng.TestNGExecutor.run(TestNGExecutor.java:293)
	at org.apache.maven.surefire.testng.TestNGXmlTestSuite.execute(TestNGXmlTestSuite.java:84)
	at org.apache.maven.surefire.testng.TestNGProvider.invoke(TestNGProvider.java:91)
	at org.apache.maven.surefire.booter.ForkedBooter.invokeProviderInSameClassLoader(ForkedBooter.java:200)
	at org.apache.maven.surefire.booter.ForkedBooter.runSuitesInProcess(ForkedBooter.java:153)
	at org.apache.maven.surefire.booter.ForkedBooter.main(ForkedBooter.java:103)
]]>
    </failure>
  </testcase> <!-- verifyLocationIsDeleted -->
</testsuite> <!-- com.automation.testcasedemo.LRS_WEB_1144_WEB_9058 -->
